2012-05-03 21:41:45,702 [Worker-2] INFO  o.e.m.c.i.i.nexus.NexusIndexManager - Updating index for repository: central|http://repo1.maven.org/maven2
2012-05-03 21:42:30,607 [New I/O client worker #4-1] INFO  o.e.m.c.i.e.AbstractTransferListenerAdapter - Downloading http://repo1.maven.org/maven2/org/appfuse/archetypes/appfuse-basic-spring/2.1.0/appfuse-basic-spring-2.1.0.pom
2012-05-03 21:42:30,612 [New I/O client worker #4-1] INFO  o.e.m.c.i.e.AbstractTransferListenerAdapter - Downloaded http://repo1.maven.org/maven2/org/appfuse/archetypes/appfuse-basic-spring/2.1.0/appfuse-basic-spring-2.1.0.pom
2012-05-03 21:42:31,047 [pool-5-thread-1] INFO  o.e.m.c.i.e.AbstractTransferListenerAdapter - Downloaded file:///Users/khan_at/.m2/repository/org/appfuse/archetypes/appfuse-basic-spring/2.1.0/appfuse-basic-spring-2.1.0.jar
2012-05-03 21:42:31,053 [Worker-1] ERROR o.e.m.c.i.p.ProjectConfigurationManager - Unable to create project from archetype [org.appfuse.archetypes:appfuse-basic-spring:RELEASE]
org.apache.maven.archetype.exception.ArchetypeGenerationFailure: The defined artifact is not an archetype
	at org.apache.maven.archetype.generator.DefaultArchetypeGenerator.generateArchetype(DefaultArchetypeGenerator.java:152) ~[archetype-common-2.0-alpha-4.jar:2.0-alpha-4]
	at org.apache.maven.archetype.generator.DefaultArchetypeGenerator.generateArchetype(DefaultArchetypeGenerator.java:286) ~[archetype-common-2.0-alpha-4.jar:2.0-alpha-4]
	at org.apache.maven.archetype.DefaultArchetype.generateProjectFromArchetype(DefaultArchetype.java:69) ~[archetype-common-2.0-alpha-4.jar:2.0-alpha-4]
	at org.eclipse.m2e.core.internal.project.ProjectConfigurationManager.createArchetypeProject(ProjectConfigurationManager.java:558) ~[org.eclipse.m2e.core_1.0.200.20111228-1245.jar:na]
	at org.eclipse.m2e.core.ui.internal.wizards.MavenProjectWizard$5.doCreateMavenProjects(MavenProjectWizard.java:241) [org.eclipse.m2e.core.ui_1.0.200.20111228-1245.jar:na]
	at org.eclipse.m2e.core.ui.internal.wizards.AbstactCreateMavenProjectJob$1.doCreateMavenProjects(AbstactCreateMavenProjectJob.java:45) [org.eclipse.m2e.core.ui_1.0.200.20111228-1245.jar:na]
	at org.eclipse.m2e.core.ui.internal.wizards.AbstractCreateMavenProjectsOperation.run(AbstractCreateMavenProjectsOperation.java:73) [org.eclipse.m2e.core.ui_1.0.200.20111228-1245.jar:na]
	at org.eclipse.m2e.core.ui.internal.wizards.AbstactCreateMavenProjectJob.runInWorkspace(AbstactCreateMavenProjectJob.java:49) [org.eclipse.m2e.core.ui_1.0.200.20111228-1245.jar:na]
	at org.eclipse.core.internal.resources.InternalWorkspaceJob.run(InternalWorkspaceJob.java:38) [org.eclipse.core.resources_3.7.100.v20110510-0712.jar:na]
	at org.eclipse.core.internal.jobs.Worker.run(Worker.java:54) [org.eclipse.core.jobs_3.5.100.v20110404.jar:na]
2012-05-03 22:06:02,011 [Worker-2] ERROR o.e.m.c.i.i.nexus.NexusIndexManager - Unable to update index for central|http://repo1.maven.org/maven2
java.io.IOException: No response received after 60000
	at org.eclipse.m2e.core.internal.index.nexus.AsyncFetcher$PipedErrorInputStream.checkError(AsyncFetcher.java:251) ~[org.eclipse.m2e.core_1.0.200.20111228-1245.jar:na]
	at org.eclipse.m2e.core.internal.index.nexus.AsyncFetcher$PipedErrorInputStream.read(AsyncFetcher.java:259) ~[org.eclipse.m2e.core_1.0.200.20111228-1245.jar:na]
	at java.io.PipedInputStream.read(PipedInputStream.java:361) ~[na:1.6.0_31]
	at java.io.InputStream.read(InputStream.java:82) ~[na:1.6.0_31]
	at org.codehaus.plexus.util.IOUtil.copy(IOUtil.java:188) ~[plexus-utils-2.0.6.jar:na]
	at org.codehaus.plexus.util.IOUtil.copy(IOUtil.java:174) ~[plexus-utils-2.0.6.jar:na]
	at org.codehaus.plexus.util.FileUtils.copyStreamToFile(FileUtils.java:1143) ~[plexus-utils-2.0.6.jar:na]
	at org.apache.maven.index.updater.DefaultIndexUpdater$LocalCacheIndexAdaptor.setIndexFile(DefaultIndexUpdater.java:700) ~[indexer-core-3.1.0.jar:3.1.0]
	at org.apache.maven.index.updater.DefaultIndexUpdater.fetchAndUpdateIndex(DefaultIndexUpdater.java:844) ~[indexer-core-3.1.0.jar:3.1.0]
	at org.apache.maven.index.updater.DefaultIndexUpdater.fetchAndUpdateIndex(DefaultIndexUpdater.java:135) ~[indexer-core-3.1.0.jar:3.1.0]
	at org.eclipse.m2e.core.internal.index.nexus.NexusIndexManager.updateRemoteIndex(NexusIndexManager.java:1124) [org.eclipse.m2e.core_1.0.200.20111228-1245.jar:na]
	at org.eclipse.m2e.core.internal.index.nexus.NexusIndexManager.updateIndex(NexusIndexManager.java:1081) [org.eclipse.m2e.core_1.0.200.20111228-1245.jar:na]
	at org.eclipse.m2e.core.internal.index.nexus.NexusIndexManager$1.run(NexusIndexManager.java:658) [org.eclipse.m2e.core_1.0.200.20111228-1245.jar:na]
	at org.eclipse.m2e.core.internal.index.nexus.IndexUpdaterJob.run(IndexUpdaterJob.java:71) [org.eclipse.m2e.core_1.0.200.20111228-1245.jar:na]
	at org.eclipse.core.internal.jobs.Worker.run(Worker.java:54) [org.eclipse.core.jobs_3.5.100.v20110404.jar:na]
java.util.concurrent.TimeoutException: No response received after 60000
	at com.ning.http.client.providers.netty.NettyAsyncHttpProvider$ReaperFuture.run(NettyAsyncHttpProvider.java:1773) ~[na:na]
	at java.util.concurrent.Executors$RunnableAdapter.call(Executors.java:441) ~[na:1.6.0_31]
	at java.util.concurrent.FutureTask$Sync.innerRunAndReset(FutureTask.java:317) ~[na:1.6.0_31]
	at java.util.concurrent.FutureTask.runAndReset(FutureTask.java:150) ~[na:1.6.0_31]
	at java.util.concurrent.ScheduledThreadPoolExecutor$ScheduledFutureTask.access$101(ScheduledThreadPoolExecutor.java:98) ~[na:1.6.0_31]
	at java.util.concurrent.ScheduledThreadPoolExecutor$ScheduledFutureTask.runPeriodic(ScheduledThreadPoolExecutor.java:180) ~[na:1.6.0_31]
	at java.util.concurrent.ScheduledThreadPoolExecutor$ScheduledFutureTask.run(ScheduledThreadPoolExecutor.java:204) ~[na:1.6.0_31]
	at java.util.concurrent.ThreadPoolExecutor$Worker.runTask(ThreadPoolExecutor.java:886) ~[na:1.6.0_31]
	at java.util.concurrent.ThreadPoolExecutor$Worker.run(ThreadPoolExecutor.java:908) ~[na:1.6.0_31]
	at java.lang.Thread.run(Thread.java:680) ~[na:1.6.0_31]
2015-06-14 16:31:28,762 [ModalContext] INFO  c.n.h.c.p.n.NettyAsyncHttpProvider - Number of application's worked threads is 8
2015-06-14 16:31:29,507 [New I/O client worker #1-1] INFO  o.e.m.c.i.e.AbstractTransferListenerAdapter - Downloaded http://repo.maven.apache.org/maven2/mobitv/share/maven/mobitv-super-pom-jar/3.0.1/mobitv-super-pom-jar-3.0.1.pom
2015-06-14 16:32:01,239 [Worker-6] INFO  o.e.m.c.i.p.ProjectConfigurationManager - Project import completed 0 sec
2015-06-14 16:32:01,274 [Worker-7] INFO  o.e.m.c.i.p.ProjectConfigurationManager - Update started
2015-06-14 16:32:01,274 [Worker-7] INFO  o.e.m.c.i.p.ProjectConfigurationManager - Update completed: 0 sec
2015-06-14 16:32:22,233 [Worker-7] ERROR o.e.m.c.i.p.r.ProjectRegistryManager - Failed to read Maven project: 1 problem was encountered while building the effective model for mobi-commons:mobi-commons-monitoring:5.7.0-RC2
[FATAL] Non-resolvable parent POM: Failure to find mobitv.share.maven:mobitv-super-pom-jar:pom:3.0.1 in http://repo.maven.apache.org/maven2 was cached in the local repository, resolution will not be reattempted until the update interval of central has elapsed or updates are forced and 'parent.relativePath' points at wrong local POM @ line 3, column 11
 for project mobi-commons:mobi-commons-monitoring:5.7.0-RC2 at /Users/khan_at/mobi_repo/mobi-commons-monitoring/pom.xml
org.apache.maven.project.ProjectBuildingException: 1 problem was encountered while building the effective model for mobi-commons:mobi-commons-monitoring:5.7.0-RC2
[FATAL] Non-resolvable parent POM: Failure to find mobitv.share.maven:mobitv-super-pom-jar:pom:3.0.1 in http://repo.maven.apache.org/maven2 was cached in the local repository, resolution will not be reattempted until the update interval of central has elapsed or updates are forced and 'parent.relativePath' points at wrong local POM @ line 3, column 11
 for project mobi-commons:mobi-commons-monitoring:5.7.0-RC2 at /Users/khan_at/mobi_repo/mobi-commons-monitoring/pom.xml
	at org.apache.maven.project.DefaultProjectBuilder.build(DefaultProjectBuilder.java:149) ~[na:na]
	at org.apache.maven.project.DefaultProjectBuilder.build(DefaultProjectBuilder.java:102) ~[na:na]
	at org.eclipse.m2e.core.internal.embedder.MavenImpl.readMavenProject(MavenImpl.java:621) ~[na:na]
	at org.eclipse.m2e.core.internal.project.registry.ProjectRegistryManager$5.call(ProjectRegistryManager.java:768) ~[na:na]
	at org.eclipse.m2e.core.internal.project.registry.ProjectRegistryManager$5.call(ProjectRegistryManager.java:1) ~[na:na]
	at org.eclipse.m2e.core.internal.embedder.MavenExecutionContext.executeBare(MavenExecutionContext.java:161) ~[na:na]
	at org.eclipse.m2e.core.internal.embedder.MavenExecutionContext.execute(MavenExecutionContext.java:137) ~[na:na]
	at org.eclipse.m2e.core.internal.embedder.MavenExecutionContext.execute(MavenExecutionContext.java:89) ~[na:na]
	at org.eclipse.m2e.core.internal.project.registry.ProjectRegistryManager.execute(ProjectRegistryManager.java:897) ~[na:na]
	at org.eclipse.m2e.core.internal.project.registry.ProjectRegistryManager.readProjectWithDependencies(ProjectRegistryManager.java:764) ~[na:na]
	at org.eclipse.m2e.core.internal.project.registry.ProjectRegistryManager.create(ProjectRegistryManager.java:165) ~[na:na]
	at org.eclipse.m2e.core.internal.project.registry.MavenProjectManager.create(MavenProjectManager.java:79) ~[na:na]
	at org.eclipse.m2e.core.ui.internal.actions.SelectionUtil.getMavenProject(SelectionUtil.java:284) ~[org.eclipse.m2e.core.ui_1.4.0.20130601-0317.jar:na]
	at org.eclipse.m2e.editor.pom.MavenPomEditor.readMavenProject(MavenPomEditor.java:754) ~[na:na]
	at org.eclipse.m2e.editor.pom.MavenPomEditor$6.run(MavenPomEditor.java:1077) ~[na:na]
	at org.eclipse.core.internal.jobs.Worker.run(Worker.java:53) ~[org.eclipse.core.jobs_3.5.300.v20130429-1813.jar:na]
Caused by: org.apache.maven.model.building.ModelBuildingException: 1 problem was encountered while building the effective model for mobi-commons:mobi-commons-monitoring:5.7.0-RC2
[FATAL] Non-resolvable parent POM: Failure to find mobitv.share.maven:mobitv-super-pom-jar:pom:3.0.1 in http://repo.maven.apache.org/maven2 was cached in the local repository, resolution will not be reattempted until the update interval of central has elapsed or updates are forced and 'parent.relativePath' points at wrong local POM @ line 3, column 11

	at org.apache.maven.model.building.DefaultModelProblemCollector.newModelBuildingException(DefaultModelProblemCollector.java:195) ~[na:na]
	at org.apache.maven.model.building.DefaultModelBuilder.readParentExternally(DefaultModelBuilder.java:841) ~[na:na]
	at org.apache.maven.model.building.DefaultModelBuilder.readParent(DefaultModelBuilder.java:664) ~[na:na]
	at org.apache.maven.model.building.DefaultModelBuilder.build(DefaultModelBuilder.java:310) ~[na:na]
	at org.apache.maven.model.building.DefaultModelBuilder.build(DefaultModelBuilder.java:232) ~[na:na]
	at org.apache.maven.project.DefaultProjectBuilder.build(DefaultProjectBuilder.java:142) ~[na:na]
	... 15 common frames omitted
2015-06-14 16:32:39,827 [Worker-1] INFO  c.n.h.c.p.n.NettyAsyncHttpProvider - Number of application's worked threads is 8
2015-06-14 16:32:39,995 [Worker-4] INFO  c.n.h.c.p.n.NettyAsyncHttpProvider - Number of application's worked threads is 8
2015-06-14 16:32:40,288 [New I/O client worker #2-1] INFO  o.e.m.c.i.e.AbstractTransferListenerAdapter - Downloading http://repo.maven.apache.org/maven2/org/codehaus/mojo/cobertura-maven-plugin/maven-metadata.xml
2015-06-14 16:32:40,288 [New I/O client worker #3-1] INFO  o.e.m.c.i.e.AbstractTransferListenerAdapter - Downloading http://repo.maven.apache.org/maven2/com/codahale/metrics/metrics-core/3.0.1/metrics-core-3.0.1.pom
2015-06-14 16:32:40,289 [New I/O client worker #2-1] INFO  o.e.m.c.i.e.AbstractTransferListenerAdapter - Downloaded http://repo.maven.apache.org/maven2/org/codehaus/mojo/cobertura-maven-plugin/maven-metadata.xml
2015-06-14 16:32:40,289 [New I/O client worker #3-1] INFO  o.e.m.c.i.e.AbstractTransferListenerAdapter - Downloaded http://repo.maven.apache.org/maven2/com/codahale/metrics/metrics-core/3.0.1/metrics-core-3.0.1.pom
2015-06-14 16:32:40,353 [Worker-4] INFO  c.n.h.c.p.n.NettyAsyncHttpProvider - Number of application's worked threads is 8
2015-06-14 16:32:40,361 [Worker-1] INFO  c.n.h.c.p.n.NettyAsyncHttpProvider - Number of application's worked threads is 8
2015-06-14 16:32:40,391 [New I/O client worker #4-1] INFO  o.e.m.c.i.e.AbstractTransferListenerAdapter - Downloading http://repo.maven.apache.org/maven2/com/codahale/metrics/metrics-parent/3.0.1/metrics-parent-3.0.1.pom
2015-06-14 16:32:40,391 [New I/O client worker #5-1] INFO  o.e.m.c.i.e.AbstractTransferListenerAdapter - Downloading http://repo.maven.apache.org/maven2/org/codehaus/mojo/cobertura-maven-plugin/2.7/cobertura-maven-plugin-2.7.pom
2015-06-14 16:32:40,397 [New I/O client worker #5-1] INFO  o.e.m.c.i.e.AbstractTransferListenerAdapter - Downloaded http://repo.maven.apache.org/maven2/org/codehaus/mojo/cobertura-maven-plugin/2.7/cobertura-maven-plugin-2.7.pom
2015-06-14 16:32:40,397 [New I/O client worker #4-1] INFO  o.e.m.c.i.e.AbstractTransferListenerAdapter - Downloaded http://repo.maven.apache.org/maven2/com/codahale/metrics/metrics-parent/3.0.1/metrics-parent-3.0.1.pom
2015-06-14 16:32:40,429 [Worker-1] INFO  c.n.h.c.p.n.NettyAsyncHttpProvider - Number of application's worked threads is 8
2015-06-14 16:32:40,436 [Worker-4] INFO  c.n.h.c.p.n.NettyAsyncHttpProvider - Number of application's worked threads is 8
2015-06-14 16:32:40,488 [New I/O client worker #6-1] INFO  o.e.m.c.i.e.AbstractTransferListenerAdapter - Downloading http://repo.maven.apache.org/maven2/org/codehaus/mojo/mojo-parent/34/mojo-parent-34.pom
2015-06-14 16:32:40,491 [New I/O client worker #7-1] INFO  o.e.m.c.i.e.AbstractTransferListenerAdapter - Downloading http://repo.maven.apache.org/maven2/org/slf4j/slf4j-api/1.7.5/slf4j-api-1.7.5.pom
2015-06-14 16:32:40,492 [New I/O client worker #7-1] INFO  o.e.m.c.i.e.AbstractTransferListenerAdapter - Downloaded http://repo.maven.apache.org/maven2/org/slf4j/slf4j-api/1.7.5/slf4j-api-1.7.5.pom
2015-06-14 16:32:40,507 [New I/O client worker #6-1] INFO  o.e.m.c.i.e.AbstractTransferListenerAdapter - Downloaded http://repo.maven.apache.org/maven2/org/codehaus/mojo/mojo-parent/34/mojo-parent-34.pom
2015-06-14 16:32:40,524 [Worker-4] INFO  c.n.h.c.p.n.NettyAsyncHttpProvider - Number of application's worked threads is 8
2015-06-14 16:32:40,537 [Worker-1] INFO  c.n.h.c.p.n.NettyAsyncHttpProvider - Number of application's worked threads is 8
2015-06-14 16:32:40,573 [New I/O client worker #8-1] INFO  o.e.m.c.i.e.AbstractTransferListenerAdapter - Downloading http://repo.maven.apache.org/maven2/org/slf4j/slf4j-parent/1.7.5/slf4j-parent-1.7.5.pom
2015-06-14 16:32:40,574 [New I/O client worker #9-1] INFO  o.e.m.c.i.e.AbstractTransferListenerAdapter - Downloading http://repo.maven.apache.org/maven2/org/codehaus/codehaus-parent/4/codehaus-parent-4.pom
2015-06-14 16:32:40,575 [New I/O client worker #9-1] INFO  o.e.m.c.i.e.AbstractTransferListenerAdapter - Downloaded http://repo.maven.apache.org/maven2/org/codehaus/codehaus-parent/4/codehaus-parent-4.pom
2015-06-14 16:32:40,575 [New I/O client worker #8-1] INFO  o.e.m.c.i.e.AbstractTransferListenerAdapter - Downloaded http://repo.maven.apache.org/maven2/org/slf4j/slf4j-parent/1.7.5/slf4j-parent-1.7.5.pom
2015-06-14 16:32:40,653 [Worker-1] INFO  c.n.h.c.p.n.NettyAsyncHttpProvider - Number of application's worked threads is 8
2015-06-14 16:32:40,665 [Worker-4] INFO  c.n.h.c.p.n.NettyAsyncHttpProvider - Number of application's worked threads is 8
2015-06-14 16:32:40,686 [New I/O client worker #10-1] INFO  o.e.m.c.i.e.AbstractTransferListenerAdapter - Downloading http://repo.maven.apache.org/maven2/org/codehaus/mojo/cobertura-maven-plugin/2.7/cobertura-maven-plugin-2.7.jar
2015-06-14 16:32:40,698 [New I/O client worker #11-1] INFO  o.e.m.c.i.e.AbstractTransferListenerAdapter - Downloading http://repo.maven.apache.org/maven2/com/codahale/metrics/metrics-servlets/3.0.1/metrics-servlets-3.0.1.pom
2015-06-14 16:32:40,699 [New I/O client worker #11-1] INFO  o.e.m.c.i.e.AbstractTransferListenerAdapter - Downloaded http://repo.maven.apache.org/maven2/com/codahale/metrics/metrics-servlets/3.0.1/metrics-servlets-3.0.1.pom
2015-06-14 16:32:40,736 [New I/O client worker #10-1] INFO  o.e.m.c.i.e.AbstractTransferListenerAdapter - Downloaded http://repo.maven.apache.org/maven2/org/codehaus/mojo/cobertura-maven-plugin/2.7/cobertura-maven-plugin-2.7.jar
2015-06-14 16:32:40,738 [Worker-4] INFO  c.n.h.c.p.n.NettyAsyncHttpProvider - Number of application's worked threads is 8
2015-06-14 16:32:40,787 [New I/O client worker #12-1] INFO  o.e.m.c.i.e.AbstractTransferListenerAdapter - Downloading http://repo.maven.apache.org/maven2/com/codahale/metrics/metrics-healthchecks/3.0.1/metrics-healthchecks-3.0.1.pom
2015-06-14 16:32:40,788 [New I/O client worker #12-1] INFO  o.e.m.c.i.e.AbstractTransferListenerAdapter - Downloaded http://repo.maven.apache.org/maven2/com/codahale/metrics/metrics-healthchecks/3.0.1/metrics-healthchecks-3.0.1.pom
2015-06-14 16:32:40,836 [Worker-4] INFO  c.n.h.c.p.n.NettyAsyncHttpProvider - Number of application's worked threads is 8
2015-06-14 16:32:40,889 [New I/O client worker #13-1] INFO  o.e.m.c.i.e.AbstractTransferListenerAdapter - Downloading http://repo.maven.apache.org/maven2/com/codahale/metrics/metrics-json/3.0.1/metrics-json-3.0.1.pom
2015-06-14 16:32:40,890 [New I/O client worker #13-1] INFO  o.e.m.c.i.e.AbstractTransferListenerAdapter - Downloaded http://repo.maven.apache.org/maven2/com/codahale/metrics/metrics-json/3.0.1/metrics-json-3.0.1.pom
2015-06-14 16:32:40,917 [Worker-4] INFO  c.n.h.c.p.n.NettyAsyncHttpProvider - Number of application's worked threads is 8
2015-06-14 16:32:40,955 [New I/O client worker #14-1] INFO  o.e.m.c.i.e.AbstractTransferListenerAdapter - Downloading http://repo.maven.apache.org/maven2/com/fasterxml/jackson/core/jackson-databind/2.2.2/jackson-databind-2.2.2.pom
2015-06-14 16:32:40,956 [New I/O client worker #14-1] INFO  o.e.m.c.i.e.AbstractTransferListenerAdapter - Downloaded http://repo.maven.apache.org/maven2/com/fasterxml/jackson/core/jackson-databind/2.2.2/jackson-databind-2.2.2.pom
2015-06-14 16:32:40,989 [Worker-4] INFO  c.n.h.c.p.n.NettyAsyncHttpProvider - Number of application's worked threads is 8
2015-06-14 16:32:41,018 [New I/O client worker #15-1] INFO  o.e.m.c.i.e.AbstractTransferListenerAdapter - Downloading http://repo.maven.apache.org/maven2/com/fasterxml/oss-parent/10/oss-parent-10.pom
2015-06-14 16:32:41,032 [New I/O client worker #15-1] INFO  o.e.m.c.i.e.AbstractTransferListenerAdapter - Downloaded http://repo.maven.apache.org/maven2/com/fasterxml/oss-parent/10/oss-parent-10.pom
2015-06-14 16:32:41,077 [Worker-4] INFO  c.n.h.c.p.n.NettyAsyncHttpProvider - Number of application's worked threads is 8
2015-06-14 16:32:41,123 [New I/O client worker #16-1] INFO  o.e.m.c.i.e.AbstractTransferListenerAdapter - Downloading http://repo.maven.apache.org/maven2/com/fasterxml/jackson/core/jackson-annotations/2.2.2/jackson-annotations-2.2.2.pom
2015-06-14 16:32:41,124 [New I/O client worker #16-1] INFO  o.e.m.c.i.e.AbstractTransferListenerAdapter - Downloaded http://repo.maven.apache.org/maven2/com/fasterxml/jackson/core/jackson-annotations/2.2.2/jackson-annotations-2.2.2.pom
2015-06-14 16:32:41,160 [Worker-4] INFO  c.n.h.c.p.n.NettyAsyncHttpProvider - Number of application's worked threads is 8
2015-06-14 16:32:41,207 [New I/O client worker #17-1] INFO  o.e.m.c.i.e.AbstractTransferListenerAdapter - Downloading http://repo.maven.apache.org/maven2/com/fasterxml/jackson/core/jackson-core/2.2.2/jackson-core-2.2.2.pom
2015-06-14 16:32:41,207 [New I/O client worker #17-1] INFO  o.e.m.c.i.e.AbstractTransferListenerAdapter - Downloaded http://repo.maven.apache.org/maven2/com/fasterxml/jackson/core/jackson-core/2.2.2/jackson-core-2.2.2.pom
2015-06-14 16:32:41,244 [Worker-4] INFO  c.n.h.c.p.n.NettyAsyncHttpProvider - Number of application's worked threads is 8
2015-06-14 16:32:41,288 [New I/O client worker #18-1] INFO  o.e.m.c.i.e.AbstractTransferListenerAdapter - Downloading http://repo.maven.apache.org/maven2/com/codahale/metrics/metrics-jvm/3.0.1/metrics-jvm-3.0.1.pom
2015-06-14 16:32:41,289 [New I/O client worker #18-1] INFO  o.e.m.c.i.e.AbstractTransferListenerAdapter - Downloaded http://repo.maven.apache.org/maven2/com/codahale/metrics/metrics-jvm/3.0.1/metrics-jvm-3.0.1.pom
2015-06-14 16:32:41,320 [Worker-4] INFO  c.n.h.c.p.n.NettyAsyncHttpProvider - Number of application's worked threads is 8
2015-06-14 16:32:41,373 [New I/O client worker #19-1] INFO  o.e.m.c.i.e.AbstractTransferListenerAdapter - Downloading http://repo.maven.apache.org/maven2/org/aspectj/aspectjrt/1.7.4/aspectjrt-1.7.4.pom
2015-06-14 16:32:41,373 [New I/O client worker #19-1] INFO  o.e.m.c.i.e.AbstractTransferListenerAdapter - Downloaded http://repo.maven.apache.org/maven2/org/aspectj/aspectjrt/1.7.4/aspectjrt-1.7.4.pom
2015-06-14 16:32:41,406 [Worker-1] INFO  o.e.m.c.i.l.LifecycleMappingFactory - Using org.eclipse.m2e.jdt.JarLifecycleMapping lifecycle mapping for MavenProject: mobi-commons:mobi-commons-monitoring:5.7.0-RC2 @ /Users/khan_at/mobi_repo/mobi-commons-monitoring/pom.xml.
2015-06-14 16:32:41,410 [Worker-4] INFO  c.n.h.c.p.n.NettyAsyncHttpProvider - Number of application's worked threads is 8
2015-06-14 16:32:41,442 [New I/O client worker #20-1] INFO  o.e.m.c.i.e.AbstractTransferListenerAdapter - Downloading http://repo.maven.apache.org/maven2/org/aspectj/aspectjtools/1.7.4/aspectjtools-1.7.4.pom
2015-06-14 16:32:41,443 [New I/O client worker #20-1] INFO  o.e.m.c.i.e.AbstractTransferListenerAdapter - Downloaded http://repo.maven.apache.org/maven2/org/aspectj/aspectjtools/1.7.4/aspectjtools-1.7.4.pom
2015-06-14 16:32:41,478 [Worker-4] INFO  c.n.h.c.p.n.NettyAsyncHttpProvider - Number of application's worked threads is 8
2015-06-14 16:32:41,516 [New I/O client worker #21-1] INFO  o.e.m.c.i.e.AbstractTransferListenerAdapter - Downloading http://repo.maven.apache.org/maven2/cglib/cglib/2.2/cglib-2.2.pom
2015-06-14 16:32:41,517 [New I/O client worker #21-1] INFO  o.e.m.c.i.e.AbstractTransferListenerAdapter - Downloaded http://repo.maven.apache.org/maven2/cglib/cglib/2.2/cglib-2.2.pom
2015-06-14 16:32:41,536 [Worker-1] INFO  c.n.h.c.p.n.NettyAsyncHttpProvider - Number of application's worked threads is 8
2015-06-14 16:32:41,539 [Worker-1] INFO  c.n.h.c.p.n.NettyAsyncHttpProvider - Number of application's worked threads is 8
2015-06-14 16:32:41,547 [Worker-4] INFO  c.n.h.c.p.n.NettyAsyncHttpProvider - Number of application's worked threads is 8
2015-06-14 16:32:41,579 [New I/O client worker #23-1] INFO  o.e.m.c.i.e.AbstractTransferListenerAdapter - Downloading http://repo.maven.apache.org/maven2/cglib/cglib/2.2/cglib-2.2.pom
2015-06-14 16:32:41,579 [New I/O client worker #23-1] INFO  o.e.m.c.i.e.AbstractTransferListenerAdapter - Downloaded http://repo.maven.apache.org/maven2/cglib/cglib/2.2/cglib-2.2.pom
2015-06-14 16:32:41,593 [Worker-1] INFO  c.n.h.c.p.n.NettyAsyncHttpProvider - Number of application's worked threads is 8
2015-06-14 16:32:41,593 [New I/O client worker #24-1] INFO  o.e.m.c.i.e.AbstractTransferListenerAdapter - Downloading http://repo.maven.apache.org/maven2/asm/asm/3.1/asm-3.1.pom
2015-06-14 16:32:41,594 [New I/O client worker #24-1] INFO  o.e.m.c.i.e.AbstractTransferListenerAdapter - Downloaded http://repo.maven.apache.org/maven2/asm/asm/3.1/asm-3.1.pom
2015-06-14 16:32:41,625 [Worker-4] INFO  c.n.h.c.p.n.NettyAsyncHttpProvider - Number of application's worked threads is 8
2015-06-14 16:32:41,637 [New I/O client worker #25-1] INFO  o.e.m.c.i.e.AbstractTransferListenerAdapter - Downloading http://repo.maven.apache.org/maven2/com/google/code/gson/gson/1.7.2/gson-1.7.2.pom
2015-06-14 16:32:41,638 [New I/O client worker #25-1] INFO  o.e.m.c.i.e.AbstractTransferListenerAdapter - Downloaded http://repo.maven.apache.org/maven2/com/google/code/gson/gson/1.7.2/gson-1.7.2.pom
2015-06-14 16:32:41,691 [New I/O client worker #26-1] INFO  o.e.m.c.i.e.AbstractTransferListenerAdapter - Downloading http://repo.maven.apache.org/maven2/asm/asm-parent/3.1/asm-parent-3.1.pom
2015-06-14 16:32:41,692 [New I/O client worker #26-1] INFO  o.e.m.c.i.e.AbstractTransferListenerAdapter - Downloaded http://repo.maven.apache.org/maven2/asm/asm-parent/3.1/asm-parent-3.1.pom
2015-06-14 16:32:41,692 [Worker-1] INFO  c.n.h.c.p.n.NettyAsyncHttpProvider - Number of application's worked threads is 8
2015-06-14 16:32:41,730 [Worker-4] INFO  c.n.h.c.p.n.NettyAsyncHttpProvider - Number of application's worked threads is 8
2015-06-14 16:32:41,734 [New I/O client worker #27-1] INFO  o.e.m.c.i.e.AbstractTransferListenerAdapter - Downloading http://repo.maven.apache.org/maven2/org/sonatype/oss/oss-parent/5/oss-parent-5.pom
2015-06-14 16:32:41,734 [New I/O client worker #27-1] INFO  o.e.m.c.i.e.AbstractTransferListenerAdapter - Downloaded http://repo.maven.apache.org/maven2/org/sonatype/oss/oss-parent/5/oss-parent-5.pom
2015-06-14 16:32:41,785 [New I/O client worker #28-1] INFO  o.e.m.c.i.e.AbstractTransferListenerAdapter - Downloading http://repo.maven.apache.org/maven2/org/sonatype/oss/oss-parent/5/oss-parent-5.pom
2015-06-14 16:32:41,786 [New I/O client worker #28-1] INFO  o.e.m.c.i.e.AbstractTransferListenerAdapter - Downloaded http://repo.maven.apache.org/maven2/org/sonatype/oss/oss-parent/5/oss-parent-5.pom
2015-06-14 16:32:41,790 [Worker-1] INFO  c.n.h.c.p.n.NettyAsyncHttpProvider - Number of application's worked threads is 8
2015-06-14 16:32:41,819 [Worker-4] INFO  c.n.h.c.p.n.NettyAsyncHttpProvider - Number of application's worked threads is 8
2015-06-14 16:32:41,823 [New I/O client worker #29-1] INFO  o.e.m.c.i.e.AbstractTransferListenerAdapter - Downloading http://repo.maven.apache.org/maven2/javax/servlet/servlet-api/2.4/servlet-api-2.4.pom
2015-06-14 16:32:41,823 [New I/O client worker #29-1] INFO  o.e.m.c.i.e.AbstractTransferListenerAdapter - Downloaded http://repo.maven.apache.org/maven2/javax/servlet/servlet-api/2.4/servlet-api-2.4.pom
2015-06-14 16:32:41,860 [New I/O client worker #30-1] INFO  o.e.m.c.i.e.AbstractTransferListenerAdapter - Downloading http://repo.maven.apache.org/maven2/javax/servlet/servlet-api/2.4/servlet-api-2.4.pom
2015-06-14 16:32:41,861 [New I/O client worker #30-1] INFO  o.e.m.c.i.e.AbstractTransferListenerAdapter - Downloaded http://repo.maven.apache.org/maven2/javax/servlet/servlet-api/2.4/servlet-api-2.4.pom
2015-06-14 16:32:41,919 [Worker-4] INFO  c.n.h.c.p.n.NettyAsyncHttpProvider - Number of application's worked threads is 8
2015-06-14 16:32:41,954 [New I/O client worker #31-1] INFO  o.e.m.c.i.e.AbstractTransferListenerAdapter - Downloading http://repo.maven.apache.org/maven2/com/codahale/metrics/metrics-core/3.0.1/metrics-core-3.0.1.jar
2015-06-14 16:32:41,964 [New I/O client worker #31-2] INFO  o.e.m.c.i.e.AbstractTransferListenerAdapter - Downloading http://repo.maven.apache.org/maven2/org/slf4j/slf4j-api/1.7.5/slf4j-api-1.7.5.jar
2015-06-14 16:32:41,998 [New I/O client worker #31-5] INFO  o.e.m.c.i.e.AbstractTransferListenerAdapter - Downloading http://repo.maven.apache.org/maven2/com/codahale/metrics/metrics-json/3.0.1/metrics-json-3.0.1.jar
2015-06-14 16:32:41,999 [New I/O client worker #31-3] INFO  o.e.m.c.i.e.AbstractTransferListenerAdapter - Downloading http://repo.maven.apache.org/maven2/com/codahale/metrics/metrics-servlets/3.0.1/metrics-servlets-3.0.1.jar
2015-06-14 16:32:41,999 [New I/O client worker #31-6] INFO  o.e.m.c.i.e.AbstractTransferListenerAdapter - Downloading http://repo.maven.apache.org/maven2/com/codahale/metrics/metrics-jvm/3.0.1/metrics-jvm-3.0.1.jar
2015-06-14 16:32:42,000 [New I/O client worker #31-4] INFO  o.e.m.c.i.e.AbstractTransferListenerAdapter - Downloading http://repo.maven.apache.org/maven2/com/codahale/metrics/metrics-healthchecks/3.0.1/metrics-healthchecks-3.0.1.jar
2015-06-14 16:32:42,000 [New I/O client worker #31-8] INFO  o.e.m.c.i.e.AbstractTransferListenerAdapter - Downloading http://repo.maven.apache.org/maven2/com/fasterxml/jackson/core/jackson-annotations/2.2.2/jackson-annotations-2.2.2.jar
2015-06-14 16:32:42,001 [New I/O client worker #31-4] INFO  o.e.m.c.i.e.AbstractTransferListenerAdapter - Downloaded http://repo.maven.apache.org/maven2/com/codahale/metrics/metrics-healthchecks/3.0.1/metrics-healthchecks-3.0.1.jar
2015-06-14 16:32:42,007 [New I/O client worker #31-7] INFO  o.e.m.c.i.e.AbstractTransferListenerAdapter - Downloading http://repo.maven.apache.org/maven2/com/fasterxml/jackson/core/jackson-databind/2.2.2/jackson-databind-2.2.2.jar
2015-06-14 16:32:42,027 [New I/O client worker #31-1] INFO  o.e.m.c.i.e.AbstractTransferListenerAdapter - Downloading http://repo.maven.apache.org/maven2/com/fasterxml/jackson/core/jackson-core/2.2.2/jackson-core-2.2.2.jar
2015-06-14 16:32:42,042 [New I/O client worker #31-5] INFO  o.e.m.c.i.e.AbstractTransferListenerAdapter - Downloading http://repo.maven.apache.org/maven2/asm/asm/3.1/asm-3.1.jar
2015-06-14 16:32:42,058 [New I/O client worker #31-2] INFO  o.e.m.c.i.e.AbstractTransferListenerAdapter - Downloading http://repo.maven.apache.org/maven2/org/aspectj/aspectjrt/1.7.4/aspectjrt-1.7.4.jar
2015-06-14 16:32:42,093 [New I/O client worker #31-7] INFO  o.e.m.c.i.e.AbstractTransferListenerAdapter - Downloading http://repo.maven.apache.org/maven2/javax/servlet/servlet-api/2.4/servlet-api-2.4.jar
2015-06-14 16:32:42,095 [New I/O client worker #31-6] INFO  o.e.m.c.i.e.AbstractTransferListenerAdapter - Downloading http://repo.maven.apache.org/maven2/com/google/code/gson/gson/1.7.2/gson-1.7.2.jar
2015-06-14 16:32:42,109 [New I/O client worker #31-4] INFO  o.e.m.c.i.e.AbstractTransferListenerAdapter - Downloading http://repo.maven.apache.org/maven2/cglib/cglib/2.2/cglib-2.2.jar
2015-06-14 16:32:42,129 [New I/O client worker #31-2] INFO  o.e.m.c.i.e.AbstractTransferListenerAdapter - Downloaded http://repo.maven.apache.org/maven2/org/slf4j/slf4j-api/1.7.5/slf4j-api-1.7.5.jar
2015-06-14 16:32:42,130 [New I/O client worker #31-5] INFO  o.e.m.c.i.e.AbstractTransferListenerAdapter - Downloaded http://repo.maven.apache.org/maven2/com/codahale/metrics/metrics-json/3.0.1/metrics-json-3.0.1.jar
2015-06-14 16:32:42,149 [New I/O client worker #31-3] INFO  o.e.m.c.i.e.AbstractTransferListenerAdapter - Downloaded http://repo.maven.apache.org/maven2/com/codahale/metrics/metrics-servlets/3.0.1/metrics-servlets-3.0.1.jar
2015-06-14 16:32:42,213 [New I/O client worker #31-3] INFO  o.e.m.c.i.e.AbstractTransferListenerAdapter - Downloading http://repo.maven.apache.org/maven2/org/aspectj/aspectjtools/1.7.4/aspectjtools-1.7.4.jar
2015-06-14 16:32:42,349 [New I/O client worker #31-6] INFO  o.e.m.c.i.e.AbstractTransferListenerAdapter - Downloaded http://repo.maven.apache.org/maven2/com/codahale/metrics/metrics-jvm/3.0.1/metrics-jvm-3.0.1.jar
2015-06-14 16:32:42,349 [New I/O client worker #31-8] INFO  o.e.m.c.i.e.AbstractTransferListenerAdapter - Downloaded http://repo.maven.apache.org/maven2/com/fasterxml/jackson/core/jackson-annotations/2.2.2/jackson-annotations-2.2.2.jar
2015-06-14 16:32:42,457 [New I/O client worker #31-5] INFO  o.e.m.c.i.e.AbstractTransferListenerAdapter - Downloaded http://repo.maven.apache.org/maven2/asm/asm/3.1/asm-3.1.jar
2015-06-14 16:32:42,622 [New I/O client worker #31-1] INFO  o.e.m.c.i.e.AbstractTransferListenerAdapter - Downloaded http://repo.maven.apache.org/maven2/com/codahale/metrics/metrics-core/3.0.1/metrics-core-3.0.1.jar
2015-06-14 16:32:42,642 [Worker-1] INFO  o.e.m.c.i.embedder.EclipseLogger - Using 'UTF-8' encoding to copy filtered resources.
2015-06-14 16:32:42,648 [Worker-1] INFO  o.e.m.c.i.embedder.EclipseLogger - Copying 1 resource
2015-06-14 16:32:42,663 [Worker-1] INFO  o.e.m.c.i.embedder.EclipseLogger - Using 'UTF-8' encoding to copy filtered resources.
2015-06-14 16:32:42,663 [Worker-1] INFO  o.e.m.c.i.embedder.EclipseLogger - skip non existing resourceDirectory /Users/khan_at/mobi_repo/mobi-commons-monitoring/src/test/resources
2015-06-14 16:32:42,949 [New I/O client worker #31-7] INFO  o.e.m.c.i.e.AbstractTransferListenerAdapter - Downloaded http://repo.maven.apache.org/maven2/javax/servlet/servlet-api/2.4/servlet-api-2.4.jar
2015-06-14 16:32:43,162 [New I/O client worker #31-2] INFO  o.e.m.c.i.e.AbstractTransferListenerAdapter - Downloaded http://repo.maven.apache.org/maven2/org/aspectj/aspectjrt/1.7.4/aspectjrt-1.7.4.jar
2015-06-14 16:32:43,329 [New I/O client worker #31-1] INFO  o.e.m.c.i.e.AbstractTransferListenerAdapter - Downloaded http://repo.maven.apache.org/maven2/com/fasterxml/jackson/core/jackson-core/2.2.2/jackson-core-2.2.2.jar
2015-06-14 16:32:43,390 [New I/O client worker #31-6] INFO  o.e.m.c.i.e.AbstractTransferListenerAdapter - Downloaded http://repo.maven.apache.org/maven2/com/google/code/gson/gson/1.7.2/gson-1.7.2.jar
2015-06-14 16:32:43,793 [New I/O client worker #31-4] INFO  o.e.m.c.i.e.AbstractTransferListenerAdapter - Downloaded http://repo.maven.apache.org/maven2/cglib/cglib/2.2/cglib-2.2.jar
2015-06-14 16:32:45,423 [New I/O client worker #31-7] INFO  o.e.m.c.i.e.AbstractTransferListenerAdapter - Downloaded http://repo.maven.apache.org/maven2/com/fasterxml/jackson/core/jackson-databind/2.2.2/jackson-databind-2.2.2.jar
2015-06-14 16:32:54,785 [main] INFO  o.e.m2e.actions.ExecutePomAction - Creating new launch configuration
2015-06-14 16:32:55,462 [New I/O client worker #31-3] INFO  o.e.m.c.i.e.AbstractTransferListenerAdapter - Downloaded http://repo.maven.apache.org/maven2/org/aspectj/aspectjtools/1.7.4/aspectjtools-1.7.4.jar
2015-06-14 16:33:03,071 [Worker-8] INFO  o.e.m.i.launch.MavenLaunchDelegate - /Users/khan_at/mobi_repo/mobi-commons-monitoring
2015-06-14 16:33:03,072 [Worker-8] INFO  o.e.m.i.launch.MavenLaunchDelegate -  mvn  -B clean install compile
2015-06-14 16:40:43,664 [Worker-7] INFO  o.e.m.c.i.p.ProjectConfigurationManager - Update started
2015-06-14 16:40:43,716 [Worker-7] INFO  o.e.m.c.i.l.LifecycleMappingFactory - Using org.eclipse.m2e.jdt.JarLifecycleMapping lifecycle mapping for MavenProject: mobi-commons:mobi-commons-monitoring:5.7.0-RC2 @ /Users/khan_at/mobi_repo/mobi-commons-monitoring/pom.xml.
2015-06-14 16:40:43,937 [Worker-7] INFO  o.e.m.j.i.AbstractJavaProjectConfigurator - Adding source folder /mobi-commons-monitoring/src/main/java
2015-06-14 16:40:43,938 [Worker-7] INFO  o.e.m.j.i.AbstractJavaProjectConfigurator - Adding resource folder /mobi-commons-monitoring/src/main/resources
2015-06-14 16:40:43,941 [Worker-7] INFO  o.e.m.j.i.AbstractJavaProjectConfigurator - Adding source folder /mobi-commons-monitoring/src/test/java
2015-06-14 16:40:44,206 [Worker-7] INFO  o.e.m.c.i.p.ProjectConfigurationManager - Update completed: 0 sec
2015-06-14 16:40:44,600 [Worker-1] INFO  o.e.m.c.i.l.LifecycleMappingFactory - Using org.eclipse.m2e.jdt.JarLifecycleMapping lifecycle mapping for MavenProject: mobi-commons:mobi-commons-monitoring:5.7.0-RC2 @ /Users/khan_at/mobi_repo/mobi-commons-monitoring/pom.xml.
2015-06-14 16:40:44,831 [Worker-1] INFO  o.e.m.c.i.embedder.EclipseLogger - Using 'UTF-8' encoding to copy filtered resources.
2015-06-14 16:40:44,832 [Worker-1] INFO  o.e.m.c.i.embedder.EclipseLogger - Copying 1 resource
2015-06-14 16:40:44,835 [Worker-1] INFO  o.e.m.c.i.embedder.EclipseLogger - Using 'UTF-8' encoding to copy filtered resources.
2015-06-14 16:40:44,835 [Worker-1] INFO  o.e.m.c.i.embedder.EclipseLogger - skip non existing resourceDirectory /Users/khan_at/mobi_repo/mobi-commons-monitoring/src/test/resources
2015-06-14 16:41:27,875 [Worker-14] INFO  o.e.m.c.i.embedder.EclipseLogger - Using 'UTF-8' encoding to copy filtered resources.
2015-06-14 16:41:27,876 [Worker-14] INFO  o.e.m.c.i.embedder.EclipseLogger - Copying 1 resource
2015-06-14 16:41:27,879 [Worker-14] INFO  o.e.m.c.i.embedder.EclipseLogger - Using 'UTF-8' encoding to copy filtered resources.
2015-06-14 16:41:27,879 [Worker-14] INFO  o.e.m.c.i.embedder.EclipseLogger - skip non existing resourceDirectory /Users/khan_at/mobi_repo/mobi-commons-monitoring/src/test/resources
2015-06-14 16:41:40,725 [Worker-13] INFO  o.e.m.c.i.embedder.EclipseLogger - Using 'UTF-8' encoding to copy filtered resources.
2015-06-14 16:41:40,726 [Worker-13] INFO  o.e.m.c.i.embedder.EclipseLogger - Copying 1 resource
2015-06-14 16:41:40,728 [Worker-13] INFO  o.e.m.c.i.embedder.EclipseLogger - Using 'UTF-8' encoding to copy filtered resources.
2015-06-14 16:41:40,729 [Worker-13] INFO  o.e.m.c.i.embedder.EclipseLogger - skip non existing resourceDirectory /Users/khan_at/mobi_repo/mobi-commons-monitoring/src/test/resources
2015-06-14 16:43:12,577 [Worker-1] INFO  o.e.m.c.i.embedder.EclipseLogger - Using 'UTF-8' encoding to copy filtered resources.
2015-06-14 16:43:12,583 [Worker-1] INFO  o.e.m.c.i.embedder.EclipseLogger - Copying 1 resource
2015-06-14 16:43:12,585 [Worker-1] INFO  o.e.m.c.i.embedder.EclipseLogger - Using 'UTF-8' encoding to copy filtered resources.
2015-06-14 16:43:12,586 [Worker-1] INFO  o.e.m.c.i.embedder.EclipseLogger - skip non existing resourceDirectory /Users/khan_at/mobi_repo/mobi-commons-monitoring/src/test/resources
2015-06-14 16:44:27,625 [Worker-12] INFO  o.e.m.c.i.embedder.EclipseLogger - Using 'UTF-8' encoding to copy filtered resources.
2015-06-14 16:44:27,627 [Worker-12] INFO  o.e.m.c.i.embedder.EclipseLogger - Copying 1 resource
2015-06-14 16:44:27,629 [Worker-12] INFO  o.e.m.c.i.embedder.EclipseLogger - Using 'UTF-8' encoding to copy filtered resources.
2015-06-14 16:44:27,629 [Worker-12] INFO  o.e.m.c.i.embedder.EclipseLogger - skip non existing resourceDirectory /Users/khan_at/mobi_repo/mobi-commons-monitoring/src/test/resources
2015-06-14 16:44:38,111 [Worker-7] INFO  o.e.m.c.i.embedder.EclipseLogger - Using 'UTF-8' encoding to copy filtered resources.
2015-06-14 16:44:38,112 [Worker-7] INFO  o.e.m.c.i.embedder.EclipseLogger - Copying 1 resource
2015-06-14 16:44:38,114 [Worker-7] INFO  o.e.m.c.i.embedder.EclipseLogger - Using 'UTF-8' encoding to copy filtered resources.
2015-06-14 16:44:38,115 [Worker-7] INFO  o.e.m.c.i.embedder.EclipseLogger - skip non existing resourceDirectory /Users/khan_at/mobi_repo/mobi-commons-monitoring/src/test/resources
2015-06-14 16:44:49,986 [Worker-7] INFO  o.e.m.c.i.embedder.EclipseLogger - Using 'UTF-8' encoding to copy filtered resources.
2015-06-14 16:44:49,987 [Worker-7] INFO  o.e.m.c.i.embedder.EclipseLogger - Copying 1 resource
2015-06-14 16:44:49,990 [Worker-7] INFO  o.e.m.c.i.embedder.EclipseLogger - Using 'UTF-8' encoding to copy filtered resources.
2015-06-14 16:44:49,990 [Worker-7] INFO  o.e.m.c.i.embedder.EclipseLogger - skip non existing resourceDirectory /Users/khan_at/mobi_repo/mobi-commons-monitoring/src/test/resources
2015-06-14 16:44:59,500 [Worker-1] INFO  o.e.m.c.i.embedder.EclipseLogger - Using 'UTF-8' encoding to copy filtered resources.
2015-06-14 16:44:59,501 [Worker-1] INFO  o.e.m.c.i.embedder.EclipseLogger - Copying 1 resource
2015-06-14 16:44:59,502 [Worker-1] INFO  o.e.m.c.i.embedder.EclipseLogger - Using 'UTF-8' encoding to copy filtered resources.
2015-06-14 16:44:59,502 [Worker-1] INFO  o.e.m.c.i.embedder.EclipseLogger - skip non existing resourceDirectory /Users/khan_at/mobi_repo/mobi-commons-monitoring/src/test/resources
2015-06-14 16:45:16,128 [Worker-7] INFO  o.e.m.c.i.embedder.EclipseLogger - Using 'UTF-8' encoding to copy filtered resources.
2015-06-14 16:45:16,129 [Worker-7] INFO  o.e.m.c.i.embedder.EclipseLogger - Copying 1 resource
2015-06-14 16:45:16,131 [Worker-7] INFO  o.e.m.c.i.embedder.EclipseLogger - Using 'UTF-8' encoding to copy filtered resources.
2015-06-14 16:45:16,131 [Worker-7] INFO  o.e.m.c.i.embedder.EclipseLogger - skip non existing resourceDirectory /Users/khan_at/mobi_repo/mobi-commons-monitoring/src/test/resources
2015-06-14 16:46:44,538 [Worker-7] INFO  o.e.m.c.i.embedder.EclipseLogger - Using 'UTF-8' encoding to copy filtered resources.
2015-06-14 16:46:44,539 [Worker-7] INFO  o.e.m.c.i.embedder.EclipseLogger - Copying 1 resource
2015-06-14 16:46:44,540 [Worker-7] INFO  o.e.m.c.i.embedder.EclipseLogger - Using 'UTF-8' encoding to copy filtered resources.
2015-06-14 16:46:44,541 [Worker-7] INFO  o.e.m.c.i.embedder.EclipseLogger - skip non existing resourceDirectory /Users/khan_at/mobi_repo/mobi-commons-monitoring/src/test/resources
2015-06-14 16:54:36,098 [Worker-20] INFO  o.e.m.c.i.embedder.EclipseLogger - Using 'UTF-8' encoding to copy filtered resources.
2015-06-14 16:54:36,098 [Worker-20] INFO  o.e.m.c.i.embedder.EclipseLogger - Copying 0 resource
2015-06-14 16:54:36,100 [Worker-20] INFO  o.e.m.c.i.embedder.EclipseLogger - Using 'UTF-8' encoding to copy filtered resources.
2015-06-14 16:54:36,100 [Worker-20] INFO  o.e.m.c.i.embedder.EclipseLogger - skip non existing resourceDirectory /Users/khan_at/mobi_repo/mobi-commons-monitoring/src/test/resources
2015-06-14 16:54:46,778 [Worker-9] INFO  o.e.m.c.i.embedder.EclipseLogger - Using 'UTF-8' encoding to copy filtered resources.
2015-06-14 16:54:46,779 [Worker-9] INFO  o.e.m.c.i.embedder.EclipseLogger - Copying 0 resource
2015-06-14 16:54:46,780 [Worker-9] INFO  o.e.m.c.i.embedder.EclipseLogger - Using 'UTF-8' encoding to copy filtered resources.
2015-06-14 16:54:46,780 [Worker-9] INFO  o.e.m.c.i.embedder.EclipseLogger - skip non existing resourceDirectory /Users/khan_at/mobi_repo/mobi-commons-monitoring/src/test/resources
2015-06-14 16:55:00,039 [Worker-21] INFO  o.e.m.c.i.embedder.EclipseLogger - Using 'UTF-8' encoding to copy filtered resources.
2015-06-14 16:55:00,040 [Worker-21] INFO  o.e.m.c.i.embedder.EclipseLogger - Copying 0 resource
2015-06-14 16:55:00,041 [Worker-21] INFO  o.e.m.c.i.embedder.EclipseLogger - Using 'UTF-8' encoding to copy filtered resources.
2015-06-14 16:55:00,042 [Worker-21] INFO  o.e.m.c.i.embedder.EclipseLogger - skip non existing resourceDirectory /Users/khan_at/mobi_repo/mobi-commons-monitoring/src/test/resources
2015-06-14 17:06:39,721 [Worker-23] INFO  o.e.m.c.i.embedder.EclipseLogger - Using 'UTF-8' encoding to copy filtered resources.
2015-06-14 17:06:39,722 [Worker-23] INFO  o.e.m.c.i.embedder.EclipseLogger - Copying 1 resource
2015-06-14 17:06:39,725 [Worker-23] INFO  o.e.m.c.i.embedder.EclipseLogger - Using 'UTF-8' encoding to copy filtered resources.
2015-06-14 17:06:39,726 [Worker-23] INFO  o.e.m.c.i.embedder.EclipseLogger - skip non existing resourceDirectory /Users/khan_at/mobi_repo/mobi-commons-monitoring/src/test/resources
2015-06-22 18:27:10,007 [Worker-0] INFO  o.e.m.c.i.embedder.EclipseLogger - Using 'UTF-8' encoding to copy filtered resources.
2015-06-22 18:27:10,108 [Worker-0] INFO  o.e.m.c.i.embedder.EclipseLogger - Copying 1 resource
2015-06-22 18:27:10,135 [Worker-0] INFO  o.e.m.c.i.embedder.EclipseLogger - Using 'UTF-8' encoding to copy filtered resources.
2015-06-22 18:27:10,135 [Worker-0] INFO  o.e.m.c.i.embedder.EclipseLogger - skip non existing resourceDirectory /Users/khan_at/mobi_repo/mobi-commons-monitoring/src/test/resources
2015-06-22 18:32:11,394 [ModalContext] WARN  o.e.m.i.discovery.MavenDiscovery - CatalogItem org.eclipse.m2e.discovery.lifecyclemapping.m2e-egit does not contain lifecycle mapping metadata
2015-06-22 18:32:11,406 [ModalContext] WARN  o.e.m.i.discovery.MavenDiscovery - CatalogItem org.eclipse.m2e.discovery.lifecyclemapping.m2e-subversive does not contain lifecycle mapping metadata
2015-06-22 18:32:11,408 [ModalContext] WARN  o.e.m.i.discovery.MavenDiscovery - CatalogItem org.eclipse.m2e.discovery.lifecyclemapping.m2e-subclipse does not contain lifecycle mapping metadata
2015-06-22 18:32:14,433 [Worker-7] INFO  o.e.m.c.i.l.LifecycleMappingFactory - Using org.eclipse.m2e.jdt.JarLifecycleMapping lifecycle mapping for MavenProject: com.jcg.example:jaxb-json-example-code:1.0 @ /Users/khan_at/Desktop/jaxb-json-example-code/pom.xml.
2015-06-22 18:32:14,513 [Worker-7] INFO  c.n.h.c.p.n.NettyAsyncHttpProvider - Number of application's worked threads is 8
2015-06-22 18:32:15,358 [New I/O client worker #1-1] INFO  o.e.m.c.i.e.AbstractTransferListenerAdapter - Downloading http://repo.maven.apache.org/maven2/org/eclipse/persistence/org.eclipse.persistence.moxy/2.5.2/org.eclipse.persistence.moxy-2.5.2.pom
2015-06-22 18:32:15,362 [New I/O client worker #1-1] INFO  o.e.m.c.i.e.AbstractTransferListenerAdapter - Downloaded http://repo.maven.apache.org/maven2/org/eclipse/persistence/org.eclipse.persistence.moxy/2.5.2/org.eclipse.persistence.moxy-2.5.2.pom
2015-06-22 18:32:15,469 [Worker-7] INFO  c.n.h.c.p.n.NettyAsyncHttpProvider - Number of application's worked threads is 8
2015-06-22 18:32:15,599 [New I/O client worker #2-1] INFO  o.e.m.c.i.e.AbstractTransferListenerAdapter - Downloading http://repo.maven.apache.org/maven2/org/eclipse/persistence/org.eclipse.persistence.core/2.5.2/org.eclipse.persistence.core-2.5.2.pom
2015-06-22 18:32:15,600 [New I/O client worker #2-1] INFO  o.e.m.c.i.e.AbstractTransferListenerAdapter - Downloaded http://repo.maven.apache.org/maven2/org/eclipse/persistence/org.eclipse.persistence.core/2.5.2/org.eclipse.persistence.core-2.5.2.pom
2015-06-22 18:32:15,684 [Worker-7] INFO  c.n.h.c.p.n.NettyAsyncHttpProvider - Number of application's worked threads is 8
2015-06-22 18:32:15,842 [New I/O client worker #3-1] INFO  o.e.m.c.i.e.AbstractTransferListenerAdapter - Downloading http://repo.maven.apache.org/maven2/org/eclipse/persistence/org.eclipse.persistence.asm/2.5.2/org.eclipse.persistence.asm-2.5.2.pom
2015-06-22 18:32:15,842 [New I/O client worker #3-1] INFO  o.e.m.c.i.e.AbstractTransferListenerAdapter - Downloaded http://repo.maven.apache.org/maven2/org/eclipse/persistence/org.eclipse.persistence.asm/2.5.2/org.eclipse.persistence.asm-2.5.2.pom
2015-06-22 18:32:15,956 [Worker-7] INFO  c.n.h.c.p.n.NettyAsyncHttpProvider - Number of application's worked threads is 8
2015-06-22 18:32:16,090 [New I/O client worker #4-1] INFO  o.e.m.c.i.e.AbstractTransferListenerAdapter - Downloading http://repo.maven.apache.org/maven2/org/eclipse/persistence/org.eclipse.persistence.antlr/2.5.2/org.eclipse.persistence.antlr-2.5.2.pom
2015-06-22 18:32:16,091 [New I/O client worker #4-1] INFO  o.e.m.c.i.e.AbstractTransferListenerAdapter - Downloaded http://repo.maven.apache.org/maven2/org/eclipse/persistence/org.eclipse.persistence.antlr/2.5.2/org.eclipse.persistence.antlr-2.5.2.pom
2015-06-22 18:32:16,165 [Worker-7] INFO  c.n.h.c.p.n.NettyAsyncHttpProvider - Number of application's worked threads is 8
2015-06-22 18:32:16,298 [New I/O client worker #5-1] INFO  o.e.m.c.i.e.AbstractTransferListenerAdapter - Downloading http://repo.maven.apache.org/maven2/javax/xml/bind/jaxb-api/2.2.11/jaxb-api-2.2.11.pom
2015-06-22 18:32:16,419 [New I/O client worker #5-1] INFO  o.e.m.c.i.e.AbstractTransferListenerAdapter - Downloaded http://repo.maven.apache.org/maven2/javax/xml/bind/jaxb-api/2.2.11/jaxb-api-2.2.11.pom
2015-06-22 18:32:16,476 [Worker-7] INFO  c.n.h.c.p.n.NettyAsyncHttpProvider - Number of application's worked threads is 8
2015-06-22 18:32:16,550 [New I/O client worker #6-1] INFO  o.e.m.c.i.e.AbstractTransferListenerAdapter - Downloading http://repo.maven.apache.org/maven2/net/java/jvnet-parent/4/jvnet-parent-4.pom
2015-06-22 18:32:16,550 [New I/O client worker #6-1] INFO  o.e.m.c.i.e.AbstractTransferListenerAdapter - Downloaded http://repo.maven.apache.org/maven2/net/java/jvnet-parent/4/jvnet-parent-4.pom
2015-06-22 18:32:16,672 [Worker-7] INFO  c.n.h.c.p.n.NettyAsyncHttpProvider - Number of application's worked threads is 8
2015-06-22 18:32:16,739 [New I/O client worker #7-3] INFO  o.e.m.c.i.e.AbstractTransferListenerAdapter - Downloading http://repo.maven.apache.org/maven2/org/eclipse/persistence/org.eclipse.persistence.asm/2.5.2/org.eclipse.persistence.asm-2.5.2.jar
2015-06-22 18:32:16,752 [New I/O client worker #7-1] INFO  o.e.m.c.i.e.AbstractTransferListenerAdapter - Downloading http://repo.maven.apache.org/maven2/org/eclipse/persistence/org.eclipse.persistence.moxy/2.5.2/org.eclipse.persistence.moxy-2.5.2.jar
2015-06-22 18:32:16,755 [New I/O client worker #7-5] INFO  o.e.m.c.i.e.AbstractTransferListenerAdapter - Downloading http://repo.maven.apache.org/maven2/javax/xml/bind/jaxb-api/2.2.11/jaxb-api-2.2.11.jar
2015-06-22 18:32:16,760 [New I/O client worker #7-4] INFO  o.e.m.c.i.e.AbstractTransferListenerAdapter - Downloading http://repo.maven.apache.org/maven2/org/eclipse/persistence/org.eclipse.persistence.antlr/2.5.2/org.eclipse.persistence.antlr-2.5.2.jar
2015-06-22 18:32:16,797 [New I/O client worker #7-2] INFO  o.e.m.c.i.e.AbstractTransferListenerAdapter - Downloading http://repo.maven.apache.org/maven2/org/eclipse/persistence/org.eclipse.persistence.core/2.5.2/org.eclipse.persistence.core-2.5.2.jar
2015-06-22 18:32:17,443 [New I/O client worker #7-5] INFO  o.e.m.c.i.e.AbstractTransferListenerAdapter - Downloaded http://repo.maven.apache.org/maven2/javax/xml/bind/jaxb-api/2.2.11/jaxb-api-2.2.11.jar
2015-06-22 18:32:17,847 [New I/O client worker #7-4] INFO  o.e.m.c.i.e.AbstractTransferListenerAdapter - Downloaded http://repo.maven.apache.org/maven2/org/eclipse/persistence/org.eclipse.persistence.antlr/2.5.2/org.eclipse.persistence.antlr-2.5.2.jar
2015-06-22 18:32:18,247 [New I/O client worker #7-3] INFO  o.e.m.c.i.e.AbstractTransferListenerAdapter - Downloaded http://repo.maven.apache.org/maven2/org/eclipse/persistence/org.eclipse.persistence.asm/2.5.2/org.eclipse.persistence.asm-2.5.2.jar
2015-06-22 18:32:18,843 [New I/O client worker #7-1] INFO  o.e.m.c.i.e.AbstractTransferListenerAdapter - Downloaded http://repo.maven.apache.org/maven2/org/eclipse/persistence/org.eclipse.persistence.moxy/2.5.2/org.eclipse.persistence.moxy-2.5.2.jar
2015-06-22 18:32:26,978 [New I/O client worker #7-2] INFO  o.e.m.c.i.e.AbstractTransferListenerAdapter - Downloaded http://repo.maven.apache.org/maven2/org/eclipse/persistence/org.eclipse.persistence.core/2.5.2/org.eclipse.persistence.core-2.5.2.jar
2015-06-22 18:32:27,364 [Worker-7] INFO  o.e.m.j.i.AbstractJavaProjectConfigurator - Adding source folder /jaxb-json-example-code/src/main/java
2015-06-22 18:32:27,365 [Worker-7] INFO  o.e.m.j.i.AbstractJavaProjectConfigurator - Adding resource folder /jaxb-json-example-code/src/main/resources
2015-06-22 18:32:27,365 [Worker-7] INFO  o.e.m.j.i.AbstractJavaProjectConfigurator - Adding source folder /jaxb-json-example-code/src/test/java
2015-06-22 18:32:27,440 [Worker-7] INFO  o.e.m.c.i.p.ProjectConfigurationManager - Project import completed 13 sec
2015-06-22 18:32:27,554 [Worker-6] INFO  o.e.m.c.i.p.ProjectConfigurationManager - Update started
2015-06-22 18:32:27,555 [Worker-6] INFO  o.e.m.c.i.p.ProjectConfigurationManager - Update completed: 0 sec
2015-06-22 18:32:27,939 [Worker-9] WARN  o.e.m.c.i.embedder.EclipseLogger - Using platform encoding (US-ASCII actually) to copy filtered resources, i.e. build is platform dependent!
2015-06-22 18:32:27,941 [Worker-9] INFO  o.e.m.c.i.embedder.EclipseLogger - Copying 1 resource
2015-06-22 18:32:27,948 [Worker-9] WARN  o.e.m.c.i.embedder.EclipseLogger - Using platform encoding (US-ASCII actually) to copy filtered resources, i.e. build is platform dependent!
2015-06-22 18:32:27,949 [Worker-9] INFO  o.e.m.c.i.embedder.EclipseLogger - skip non existing resourceDirectory /Users/khan_at/Desktop/jaxb-json-example-code/src/test/resources
2015-06-22 18:32:28,410 [Worker-2] INFO  o.e.m.c.i.l.LifecycleMappingFactory - Using org.eclipse.m2e.jdt.JarLifecycleMapping lifecycle mapping for MavenProject: com.jcg.example:jaxb-json-example-code:1.0 @ /Users/khan_at/Desktop/jaxb-json-example-code/pom.xml.
2015-06-22 18:32:29,501 [Worker-4] WARN  o.e.m.c.i.embedder.EclipseLogger - Using platform encoding (US-ASCII actually) to copy filtered resources, i.e. build is platform dependent!
2015-06-22 18:32:29,507 [Worker-4] INFO  o.e.m.c.i.embedder.EclipseLogger - Copying 0 resource
2015-06-22 18:32:29,510 [Worker-4] WARN  o.e.m.c.i.embedder.EclipseLogger - Using platform encoding (US-ASCII actually) to copy filtered resources, i.e. build is platform dependent!
2015-06-22 18:32:29,510 [Worker-4] INFO  o.e.m.c.i.embedder.EclipseLogger - skip non existing resourceDirectory /Users/khan_at/Desktop/jaxb-json-example-code/src/test/resources
2015-06-22 18:34:48,604 [Worker-8] WARN  o.e.m.c.i.embedder.EclipseLogger - Using platform encoding (US-ASCII actually) to copy filtered resources, i.e. build is platform dependent!
2015-06-22 18:34:48,609 [Worker-8] INFO  o.e.m.c.i.embedder.EclipseLogger - Copying 1 resource
2015-06-22 18:34:48,610 [Worker-8] WARN  o.e.m.c.i.embedder.EclipseLogger - Using platform encoding (US-ASCII actually) to copy filtered resources, i.e. build is platform dependent!
2015-06-22 18:34:48,611 [Worker-8] INFO  o.e.m.c.i.embedder.EclipseLogger - skip non existing resourceDirectory /Users/khan_at/Desktop/jaxb-json-example-code/src/test/resources
2015-06-22 18:36:57,260 [Worker-6] WARN  o.e.m.c.i.embedder.EclipseLogger - Using platform encoding (US-ASCII actually) to copy filtered resources, i.e. build is platform dependent!
2015-06-22 18:36:57,263 [Worker-6] INFO  o.e.m.c.i.embedder.EclipseLogger - Copying 1 resource
2015-06-22 18:36:57,266 [Worker-6] WARN  o.e.m.c.i.embedder.EclipseLogger - Using platform encoding (US-ASCII actually) to copy filtered resources, i.e. build is platform dependent!
2015-06-22 18:36:57,266 [Worker-6] INFO  o.e.m.c.i.embedder.EclipseLogger - skip non existing resourceDirectory /Users/khan_at/Desktop/jaxb-json-example-code/src/test/resources
2015-06-22 18:37:08,825 [Worker-7] WARN  o.e.m.c.i.embedder.EclipseLogger - Using platform encoding (US-ASCII actually) to copy filtered resources, i.e. build is platform dependent!
2015-06-22 18:37:08,827 [Worker-7] INFO  o.e.m.c.i.embedder.EclipseLogger - Copying 1 resource
2015-06-22 18:37:08,830 [Worker-7] WARN  o.e.m.c.i.embedder.EclipseLogger - Using platform encoding (US-ASCII actually) to copy filtered resources, i.e. build is platform dependent!
2015-06-22 18:37:08,830 [Worker-7] INFO  o.e.m.c.i.embedder.EclipseLogger - skip non existing resourceDirectory /Users/khan_at/Desktop/jaxb-json-example-code/src/test/resources
2015-06-22 18:37:53,254 [Worker-9] WARN  o.e.m.c.i.embedder.EclipseLogger - Using platform encoding (US-ASCII actually) to copy filtered resources, i.e. build is platform dependent!
2015-06-22 18:37:53,257 [Worker-9] INFO  o.e.m.c.i.embedder.EclipseLogger - Copying 1 resource
2015-06-22 18:37:53,259 [Worker-9] WARN  o.e.m.c.i.embedder.EclipseLogger - Using platform encoding (US-ASCII actually) to copy filtered resources, i.e. build is platform dependent!
2015-06-22 18:37:53,259 [Worker-9] INFO  o.e.m.c.i.embedder.EclipseLogger - skip non existing resourceDirectory /Users/khan_at/Desktop/jaxb-json-example-code/src/test/resources
2015-07-03 16:46:54,635 [Worker-8] ERROR o.e.m.j.i.l.MavenLaunchConfigurationListener - Launch configuration UnmarshallerDemo references closed project jaxb-json-example-code
org.eclipse.core.runtime.CoreException: Launch configuration UnmarshallerDemo references closed project jaxb-json-example-code
	at org.eclipse.jdt.launching.JavaRuntime.abort(JavaRuntime.java:1403) ~[org.eclipse.jdt.launching_3.7.1.v20131218-1102.jar:na]
	at org.eclipse.jdt.launching.JavaRuntime.getJavaProject(JavaRuntime.java:1275) ~[org.eclipse.jdt.launching_3.7.1.v20131218-1102.jar:na]
	at org.eclipse.m2e.jdt.internal.launch.MavenLaunchConfigurationListener.updateLaunchConfiguration(MavenLaunchConfigurationListener.java:53) [org.eclipse.m2e.jdt_1.4.0.20130601-0317.jar:na]
	at org.eclipse.m2e.jdt.internal.launch.MavenLaunchConfigurationListener.launchConfigurationChanged(MavenLaunchConfigurationListener.java:38) [org.eclipse.m2e.jdt_1.4.0.20130601-0317.jar:na]
	at org.eclipse.debug.internal.core.LaunchManager$ConfigurationNotifier.run(LaunchManager.java:228) ~[org.eclipse.debug.core_3.8.0.v20130514-0954.jar:na]
	at org.eclipse.core.runtime.SafeRunner.run(SafeRunner.java:42) ~[org.eclipse.equinox.common_3.6.200.v20130402-1505.jar:na]
	at org.eclipse.debug.internal.core.LaunchManager$ConfigurationNotifier.notify(LaunchManager.java:209) ~[org.eclipse.debug.core_3.8.0.v20130514-0954.jar:na]
	at org.eclipse.debug.internal.core.LaunchConfigurationWorkingCopy.setDirty(LaunchConfigurationWorkingCopy.java:538) ~[org.eclipse.debug.core_3.8.0.v20130514-0954.jar:na]
	at org.eclipse.debug.internal.core.LaunchConfigurationWorkingCopy.setAttribute(LaunchConfigurationWorkingCopy.java:419) ~[org.eclipse.debug.core_3.8.0.v20130514-0954.jar:na]
	at org.eclipse.m2e.jdt.internal.launch.MavenRuntimeClasspathProvider.disable(MavenRuntimeClasspathProvider.java:297) ~[org.eclipse.m2e.jdt_1.4.0.20130601-0317.jar:na]
	at org.eclipse.m2e.jdt.internal.launch.MavenRuntimeClasspathProvider.disable(MavenRuntimeClasspathProvider.java:323) ~[org.eclipse.m2e.jdt_1.4.0.20130601-0317.jar:na]
	at org.eclipse.m2e.jdt.internal.launch.MavenLaunchConfigurationListener.mavenProjectChanged(MavenLaunchConfigurationListener.java:70) [org.eclipse.m2e.jdt_1.4.0.20130601-0317.jar:na]
	at org.eclipse.m2e.core.internal.project.registry.ProjectRegistryManager.notifyProjectChangeListeners(ProjectRegistryManager.java:746) ~[org.eclipse.m2e.core_1.4.0.20130601-0317.jar:na]
	at org.eclipse.m2e.core.internal.project.registry.ProjectRegistryManager.applyMutableProjectRegistry(ProjectRegistryManager.java:865) ~[org.eclipse.m2e.core_1.4.0.20130601-0317.jar:na]
	at org.eclipse.m2e.core.internal.project.registry.ProjectRegistryRefreshJob.run(ProjectRegistryRefreshJob.java:101) ~[org.eclipse.m2e.core_1.4.0.20130601-0317.jar:na]
	at org.eclipse.core.internal.jobs.Worker.run(Worker.java:53) ~[org.eclipse.core.jobs_3.5.300.v20130429-1813.jar:na]
2015-07-03 16:46:54,653 [Worker-8] ERROR o.e.m.j.i.l.MavenLaunchConfigurationListener - Launch configuration UnmarshallerDemo references closed project jaxb-json-example-code
org.eclipse.core.runtime.CoreException: Launch configuration UnmarshallerDemo references closed project jaxb-json-example-code
	at org.eclipse.jdt.launching.JavaRuntime.abort(JavaRuntime.java:1403) ~[org.eclipse.jdt.launching_3.7.1.v20131218-1102.jar:na]
	at org.eclipse.jdt.launching.JavaRuntime.getJavaProject(JavaRuntime.java:1275) ~[org.eclipse.jdt.launching_3.7.1.v20131218-1102.jar:na]
	at org.eclipse.m2e.jdt.internal.launch.MavenLaunchConfigurationListener.updateLaunchConfiguration(MavenLaunchConfigurationListener.java:53) [org.eclipse.m2e.jdt_1.4.0.20130601-0317.jar:na]
	at org.eclipse.m2e.jdt.internal.launch.MavenLaunchConfigurationListener.launchConfigurationChanged(MavenLaunchConfigurationListener.java:38) [org.eclipse.m2e.jdt_1.4.0.20130601-0317.jar:na]
	at org.eclipse.debug.internal.core.LaunchManager$ConfigurationNotifier.run(LaunchManager.java:228) ~[org.eclipse.debug.core_3.8.0.v20130514-0954.jar:na]
	at org.eclipse.core.runtime.SafeRunner.run(SafeRunner.java:42) ~[org.eclipse.equinox.common_3.6.200.v20130402-1505.jar:na]
	at org.eclipse.debug.internal.core.LaunchManager$ConfigurationNotifier.notify(LaunchManager.java:209) ~[org.eclipse.debug.core_3.8.0.v20130514-0954.jar:na]
	at org.eclipse.debug.internal.core.LaunchConfigurationWorkingCopy.setDirty(LaunchConfigurationWorkingCopy.java:538) ~[org.eclipse.debug.core_3.8.0.v20130514-0954.jar:na]
	at org.eclipse.debug.internal.core.LaunchConfigurationWorkingCopy.setAttribute(LaunchConfigurationWorkingCopy.java:419) ~[org.eclipse.debug.core_3.8.0.v20130514-0954.jar:na]
	at org.eclipse.m2e.jdt.internal.launch.MavenRuntimeClasspathProvider.disable(MavenRuntimeClasspathProvider.java:298) ~[org.eclipse.m2e.jdt_1.4.0.20130601-0317.jar:na]
	at org.eclipse.m2e.jdt.internal.launch.MavenRuntimeClasspathProvider.disable(MavenRuntimeClasspathProvider.java:323) ~[org.eclipse.m2e.jdt_1.4.0.20130601-0317.jar:na]
	at org.eclipse.m2e.jdt.internal.launch.MavenLaunchConfigurationListener.mavenProjectChanged(MavenLaunchConfigurationListener.java:70) [org.eclipse.m2e.jdt_1.4.0.20130601-0317.jar:na]
	at org.eclipse.m2e.core.internal.project.registry.ProjectRegistryManager.notifyProjectChangeListeners(ProjectRegistryManager.java:746) ~[org.eclipse.m2e.core_1.4.0.20130601-0317.jar:na]
	at org.eclipse.m2e.core.internal.project.registry.ProjectRegistryManager.applyMutableProjectRegistry(ProjectRegistryManager.java:865) ~[org.eclipse.m2e.core_1.4.0.20130601-0317.jar:na]
	at org.eclipse.m2e.core.internal.project.registry.ProjectRegistryRefreshJob.run(ProjectRegistryRefreshJob.java:101) ~[org.eclipse.m2e.core_1.4.0.20130601-0317.jar:na]
	at org.eclipse.core.internal.jobs.Worker.run(Worker.java:53) ~[org.eclipse.core.jobs_3.5.300.v20130429-1813.jar:na]
2015-07-03 16:46:54,665 [Worker-8] ERROR o.e.m.j.i.l.MavenLaunchConfigurationListener - Launch configuration UnmarshallerDemo references closed project jaxb-json-example-code
org.eclipse.core.runtime.CoreException: Launch configuration UnmarshallerDemo references closed project jaxb-json-example-code
	at org.eclipse.jdt.launching.JavaRuntime.abort(JavaRuntime.java:1403) ~[org.eclipse.jdt.launching_3.7.1.v20131218-1102.jar:na]
	at org.eclipse.jdt.launching.JavaRuntime.getJavaProject(JavaRuntime.java:1275) ~[org.eclipse.jdt.launching_3.7.1.v20131218-1102.jar:na]
	at org.eclipse.m2e.jdt.internal.launch.MavenLaunchConfigurationListener.updateLaunchConfiguration(MavenLaunchConfigurationListener.java:53) [org.eclipse.m2e.jdt_1.4.0.20130601-0317.jar:na]
	at org.eclipse.m2e.jdt.internal.launch.MavenLaunchConfigurationListener.launchConfigurationChanged(MavenLaunchConfigurationListener.java:38) [org.eclipse.m2e.jdt_1.4.0.20130601-0317.jar:na]
	at org.eclipse.debug.internal.core.LaunchManager$ConfigurationNotifier.run(LaunchManager.java:228) ~[org.eclipse.debug.core_3.8.0.v20130514-0954.jar:na]
	at org.eclipse.core.runtime.SafeRunner.run(SafeRunner.java:42) ~[org.eclipse.equinox.common_3.6.200.v20130402-1505.jar:na]
	at org.eclipse.debug.internal.core.LaunchManager$ConfigurationNotifier.notify(LaunchManager.java:209) ~[org.eclipse.debug.core_3.8.0.v20130514-0954.jar:na]
	at org.eclipse.debug.internal.core.LaunchManager.launchConfigurationChanged(LaunchManager.java:2141) ~[org.eclipse.debug.core_3.8.0.v20130514-0954.jar:na]
	at org.eclipse.debug.internal.core.LaunchConfigurationWorkingCopy.writeNewFile(LaunchConfigurationWorkingCopy.java:380) ~[org.eclipse.debug.core_3.8.0.v20130514-0954.jar:na]
	at org.eclipse.debug.internal.core.LaunchConfigurationWorkingCopy.doSave0(LaunchConfigurationWorkingCopy.java:246) ~[org.eclipse.debug.core_3.8.0.v20130514-0954.jar:na]
	at org.eclipse.debug.internal.core.LaunchConfigurationWorkingCopy.doSave(LaunchConfigurationWorkingCopy.java:216) ~[org.eclipse.debug.core_3.8.0.v20130514-0954.jar:na]
	at org.eclipse.debug.internal.core.LaunchConfigurationWorkingCopy.doSave(LaunchConfigurationWorkingCopy.java:170) ~[org.eclipse.debug.core_3.8.0.v20130514-0954.jar:na]
	at org.eclipse.m2e.jdt.internal.launch.MavenRuntimeClasspathProvider.disable(MavenRuntimeClasspathProvider.java:299) ~[org.eclipse.m2e.jdt_1.4.0.20130601-0317.jar:na]
	at org.eclipse.m2e.jdt.internal.launch.MavenRuntimeClasspathProvider.disable(MavenRuntimeClasspathProvider.java:323) ~[org.eclipse.m2e.jdt_1.4.0.20130601-0317.jar:na]
	at org.eclipse.m2e.jdt.internal.launch.MavenLaunchConfigurationListener.mavenProjectChanged(MavenLaunchConfigurationListener.java:70) [org.eclipse.m2e.jdt_1.4.0.20130601-0317.jar:na]
	at org.eclipse.m2e.core.internal.project.registry.ProjectRegistryManager.notifyProjectChangeListeners(ProjectRegistryManager.java:746) ~[org.eclipse.m2e.core_1.4.0.20130601-0317.jar:na]
	at org.eclipse.m2e.core.internal.project.registry.ProjectRegistryManager.applyMutableProjectRegistry(ProjectRegistryManager.java:865) ~[org.eclipse.m2e.core_1.4.0.20130601-0317.jar:na]
	at org.eclipse.m2e.core.internal.project.registry.ProjectRegistryRefreshJob.run(ProjectRegistryRefreshJob.java:101) ~[org.eclipse.m2e.core_1.4.0.20130601-0317.jar:na]
	at org.eclipse.core.internal.jobs.Worker.run(Worker.java:53) ~[org.eclipse.core.jobs_3.5.300.v20130429-1813.jar:na]
2015-09-03 14:24:13,433 [main] ERROR o.e.m.editor.pom.MavenPomEditorPage - Resource '/mobi-commons-monitoring/pom.xml' does not exist.
org.eclipse.core.internal.resources.ResourceException: Resource '/mobi-commons-monitoring/pom.xml' does not exist.
	at org.eclipse.core.internal.resources.Resource.checkExists(Resource.java:341) ~[org.eclipse.core.resources_3.8.101.v20130717-0806.jar:na]
	at org.eclipse.core.internal.resources.Resource.checkAccessible(Resource.java:215) ~[org.eclipse.core.resources_3.8.101.v20130717-0806.jar:na]
	at org.eclipse.core.internal.resources.Resource.findMarkers(Resource.java:1039) ~[org.eclipse.core.resources_3.8.101.v20130717-0806.jar:na]
	at org.eclipse.m2e.editor.pom.MavenPomEditorPage.doLoadData(MavenPomEditorPage.java:274) [org.eclipse.m2e.editor_1.4.0.20130601-0317.jar:na]
	at org.eclipse.m2e.editor.pom.MavenPomEditorPage.setActive(MavenPomEditorPage.java:226) [org.eclipse.m2e.editor_1.4.0.20130601-0317.jar:na]
	at org.eclipse.ui.forms.editor.FormEditor.pageChange(FormEditor.java:486) ~[org.eclipse.ui.forms_3.6.1.v20130822-1117.jar:na]
	at org.eclipse.m2e.editor.pom.MavenPomEditor.pageChange(MavenPomEditor.java:398) ~[org.eclipse.m2e.editor_1.4.0.20130601-0317.jar:na]
	at org.eclipse.ui.part.MultiPageEditorPart.setActivePage(MultiPageEditorPart.java:1083) ~[org.eclipse.ui.workbench_3.105.2.v20140211-1711.jar:na]
	at org.eclipse.ui.forms.editor.FormEditor.setActivePage(FormEditor.java:603) ~[org.eclipse.ui.forms_3.6.1.v20130822-1117.jar:na]
	at org.eclipse.ui.part.MultiPageEditorPart.createPartControl(MultiPageEditorPart.java:362) ~[org.eclipse.ui.workbench_3.105.2.v20140211-1711.jar:na]
	at org.eclipse.ui.internal.e4.compatibility.CompatibilityPart.createPartControl(CompatibilityPart.java:142) ~[org.eclipse.ui.workbench_3.105.2.v20140211-1711.jar:na]
	at org.eclipse.ui.internal.e4.compatibility.CompatibilityEditor.createPartControl(CompatibilityEditor.java:96) ~[org.eclipse.ui.workbench_3.105.2.v20140211-1711.jar:na]
	at org.eclipse.ui.internal.e4.compatibility.CompatibilityPart.create(CompatibilityPart.java:323) ~[org.eclipse.ui.workbench_3.105.2.v20140211-1711.jar:na]
	at sun.reflect.NativeMethodAccessorImpl.invoke0(Native Method) ~[na:1.7.0_25]
	at sun.reflect.NativeMethodAccessorImpl.invoke(NativeMethodAccessorImpl.java:57) ~[na:1.7.0_25]
	at sun.reflect.DelegatingMethodAccessorImpl.invoke(DelegatingMethodAccessorImpl.java:43) ~[na:1.7.0_25]
	at java.lang.reflect.Method.invoke(Method.java:606) ~[na:1.7.0_25]
	at org.eclipse.e4.core.internal.di.MethodRequestor.execute(MethodRequestor.java:56) ~[na:na]
	at org.eclipse.e4.core.internal.di.InjectorImpl.processAnnotated(InjectorImpl.java:877) ~[na:na]
	at org.eclipse.e4.core.internal.di.InjectorImpl.processAnnotated(InjectorImpl.java:857) ~[na:na]
	at org.eclipse.e4.core.internal.di.InjectorImpl.inject(InjectorImpl.java:119) ~[na:na]
	at org.eclipse.e4.core.internal.di.InjectorImpl.internalMake(InjectorImpl.java:333) ~[na:na]
	at org.eclipse.e4.core.internal.di.InjectorImpl.make(InjectorImpl.java:254) ~[na:na]
	at org.eclipse.e4.core.contexts.ContextInjectionFactory.make(ContextInjectionFactory.java:162) ~[na:na]
	at org.eclipse.e4.ui.internal.workbench.ReflectionContributionFactory.createFromBundle(ReflectionContributionFactory.java:102) ~[na:na]
	at org.eclipse.e4.ui.internal.workbench.ReflectionContributionFactory.doCreate(ReflectionContributionFactory.java:71) ~[na:na]
	at org.eclipse.e4.ui.internal.workbench.ReflectionContributionFactory.create(ReflectionContributionFactory.java:53) ~[na:na]
	at org.eclipse.e4.ui.workbench.renderers.swt.ContributedPartRenderer.createWidget(ContributedPartRenderer.java:129) ~[na:na]
	at org.eclipse.e4.ui.internal.workbench.swt.PartRenderingEngine.createWidget(PartRenderingEngine.java:949) ~[na:na]
	at org.eclipse.e4.ui.internal.workbench.swt.PartRenderingEngine.safeCreateGui(PartRenderingEngine.java:633) ~[na:na]
	at org.eclipse.e4.ui.internal.workbench.swt.PartRenderingEngine.safeCreateGui(PartRenderingEngine.java:735) ~[na:na]
	at org.eclipse.e4.ui.internal.workbench.swt.PartRenderingEngine.access$2(PartRenderingEngine.java:706) ~[na:na]
	at org.eclipse.e4.ui.internal.workbench.swt.PartRenderingEngine$7.run(PartRenderingEngine.java:700) ~[na:na]
	at org.eclipse.core.runtime.SafeRunner.run(SafeRunner.java:42) ~[org.eclipse.equinox.common_3.6.200.v20130402-1505.jar:na]
	at org.eclipse.e4.ui.internal.workbench.swt.PartRenderingEngine.createGui(PartRenderingEngine.java:685) ~[na:na]
	at org.eclipse.e4.ui.internal.workbench.PartServiceImpl$1.handleEvent(PartServiceImpl.java:90) ~[na:na]
	at org.eclipse.e4.ui.services.internal.events.UIEventHandler$1.run(UIEventHandler.java:41) ~[na:na]
	at org.eclipse.swt.widgets.Synchronizer.syncExec(Synchronizer.java:180) ~[org.eclipse.swt.cocoa.macosx.x86_64_3.102.1.v20140206-1358.jar:na]
	at org.eclipse.ui.internal.UISynchronizer.syncExec(UISynchronizer.java:150) ~[org.eclipse.ui.workbench_3.105.2.v20140211-1711.jar:na]
	at org.eclipse.swt.widgets.Display.syncExec(Display.java:4650) ~[org.eclipse.swt.cocoa.macosx.x86_64_3.102.1.v20140206-1358.jar:na]
	at org.eclipse.e4.ui.internal.workbench.swt.E4Application$1.syncExec(E4Application.java:205) ~[na:na]
	at org.eclipse.e4.ui.services.internal.events.UIEventHandler.handleEvent(UIEventHandler.java:38) ~[na:na]
	at org.eclipse.equinox.internal.event.EventHandlerWrapper.handleEvent(EventHandlerWrapper.java:197) ~[na:na]
	at org.eclipse.equinox.internal.event.EventHandlerTracker.dispatchEvent(EventHandlerTracker.java:197) ~[na:na]
	at org.eclipse.equinox.internal.event.EventHandlerTracker.dispatchEvent(EventHandlerTracker.java:1) ~[na:na]
	at org.eclipse.osgi.framework.eventmgr.EventManager.dispatchEvent(EventManager.java:230) ~[org.eclipse.osgi_3.9.1.v20140110-1610.jar:na]
	at org.eclipse.osgi.framework.eventmgr.ListenerQueue.dispatchEventSynchronous(ListenerQueue.java:148) ~[org.eclipse.osgi_3.9.1.v20140110-1610.jar:na]
	at org.eclipse.equinox.internal.event.EventAdminImpl.dispatchEvent(EventAdminImpl.java:135) ~[na:na]
	at org.eclipse.equinox.internal.event.EventAdminImpl.sendEvent(EventAdminImpl.java:78) ~[na:na]
	at org.eclipse.equinox.internal.event.EventComponent.sendEvent(EventComponent.java:39) ~[na:na]
	at org.eclipse.e4.ui.services.internal.events.EventBroker.send(EventBroker.java:80) ~[na:na]
	at org.eclipse.e4.ui.internal.workbench.UIEventPublisher.notifyChanged(UIEventPublisher.java:58) ~[na:na]
	at org.eclipse.emf.common.notify.impl.BasicNotifierImpl.eNotify(BasicNotifierImpl.java:374) ~[org.eclipse.emf.common_2.9.2.v20131212-0545.jar:na]
	at org.eclipse.e4.ui.model.application.ui.impl.ElementContainerImpl.setSelectedElement(ElementContainerImpl.java:171) ~[na:na]
	at org.eclipse.e4.ui.workbench.renderers.swt.StackRenderer$10.widgetSelected(StackRenderer.java:936) ~[na:na]
	at org.eclipse.swt.widgets.TypedListener.handleEvent(TypedListener.java:248) ~[org.eclipse.swt.cocoa.macosx.x86_64_3.102.1.v20140206-1358.jar:na]
	at org.eclipse.swt.widgets.EventTable.sendEvent(EventTable.java:84) ~[org.eclipse.swt.cocoa.macosx.x86_64_3.102.1.v20140206-1358.jar:na]
	at org.eclipse.swt.widgets.Display.sendEvent(Display.java:4166) ~[org.eclipse.swt.cocoa.macosx.x86_64_3.102.1.v20140206-1358.jar:na]
	at org.eclipse.swt.widgets.Widget.sendEvent(Widget.java:1466) ~[org.eclipse.swt.cocoa.macosx.x86_64_3.102.1.v20140206-1358.jar:na]
	at org.eclipse.swt.widgets.Widget.sendEvent(Widget.java:1489) ~[org.eclipse.swt.cocoa.macosx.x86_64_3.102.1.v20140206-1358.jar:na]
	at org.eclipse.swt.widgets.Widget.sendEvent(Widget.java:1474) ~[org.eclipse.swt.cocoa.macosx.x86_64_3.102.1.v20140206-1358.jar:na]
	at org.eclipse.swt.widgets.Widget.notifyListeners(Widget.java:1279) ~[org.eclipse.swt.cocoa.macosx.x86_64_3.102.1.v20140206-1358.jar:na]
	at org.eclipse.swt.custom.CTabFolder.setSelection(CTabFolder.java:3080) ~[org.eclipse.swt.cocoa.macosx.x86_64_3.102.1.v20140206-1358.jar:na]
	at org.eclipse.swt.custom.CTabFolder.onMouse(CTabFolder.java:1772) ~[org.eclipse.swt.cocoa.macosx.x86_64_3.102.1.v20140206-1358.jar:na]
	at org.eclipse.swt.custom.CTabFolder$1.handleEvent(CTabFolder.java:279) ~[org.eclipse.swt.cocoa.macosx.x86_64_3.102.1.v20140206-1358.jar:na]
	at org.eclipse.swt.widgets.EventTable.sendEvent(EventTable.java:84) ~[org.eclipse.swt.cocoa.macosx.x86_64_3.102.1.v20140206-1358.jar:na]
	at org.eclipse.swt.widgets.Display.sendEvent(Display.java:4166) ~[org.eclipse.swt.cocoa.macosx.x86_64_3.102.1.v20140206-1358.jar:na]
	at org.eclipse.swt.widgets.Widget.sendEvent(Widget.java:1466) ~[org.eclipse.swt.cocoa.macosx.x86_64_3.102.1.v20140206-1358.jar:na]
	at org.eclipse.swt.widgets.Widget.sendEvent(Widget.java:1489) ~[org.eclipse.swt.cocoa.macosx.x86_64_3.102.1.v20140206-1358.jar:na]
	at org.eclipse.swt.widgets.Widget.sendEvent(Widget.java:1474) ~[org.eclipse.swt.cocoa.macosx.x86_64_3.102.1.v20140206-1358.jar:na]
	at org.eclipse.swt.widgets.Widget.notifyListeners(Widget.java:1279) ~[org.eclipse.swt.cocoa.macosx.x86_64_3.102.1.v20140206-1358.jar:na]
	at org.eclipse.swt.widgets.Display.runDeferredEvents(Display.java:4012) ~[org.eclipse.swt.cocoa.macosx.x86_64_3.102.1.v20140206-1358.jar:na]
	at org.eclipse.swt.widgets.Display.readAndDispatch(Display.java:3651) ~[org.eclipse.swt.cocoa.macosx.x86_64_3.102.1.v20140206-1358.jar:na]
	at org.eclipse.e4.ui.internal.workbench.swt.PartRenderingEngine$9.run(PartRenderingEngine.java:1113) ~[na:na]
	at org.eclipse.core.databinding.observable.Realm.runWithDefault(Realm.java:332) ~[na:na]
	at org.eclipse.e4.ui.internal.workbench.swt.PartRenderingEngine.run(PartRenderingEngine.java:997) ~[na:na]
	at org.eclipse.e4.ui.internal.workbench.E4Workbench.createAndRunUI(E4Workbench.java:140) ~[na:na]
	at org.eclipse.ui.internal.Workbench$5.run(Workbench.java:611) ~[org.eclipse.ui.workbench_3.105.2.v20140211-1711.jar:na]
	at org.eclipse.core.databinding.observable.Realm.runWithDefault(Realm.java:332) ~[na:na]
	at org.eclipse.ui.internal.Workbench.createAndRunWorkbench(Workbench.java:567) ~[org.eclipse.ui.workbench_3.105.2.v20140211-1711.jar:na]
	at org.eclipse.ui.PlatformUI.createAndRunWorkbench(PlatformUI.java:150) ~[org.eclipse.ui.workbench_3.105.2.v20140211-1711.jar:na]
	at org.eclipse.ui.internal.ide.application.IDEApplication.start(IDEApplication.java:124) ~[na:na]
	at org.eclipse.equinox.internal.app.EclipseAppHandle.run(EclipseAppHandle.java:196) ~[org.eclipse.equinox.app_1.3.100.v20130327-1442.jar:na]
	at org.eclipse.core.runtime.internal.adaptor.EclipseAppLauncher.runApplication(EclipseAppLauncher.java:110) ~[org.eclipse.osgi_3.9.1.v20140110-1610.jar:na]
	at org.eclipse.core.runtime.internal.adaptor.EclipseAppLauncher.start(EclipseAppLauncher.java:79) ~[org.eclipse.osgi_3.9.1.v20140110-1610.jar:na]
	at org.eclipse.core.runtime.adaptor.EclipseStarter.run(EclipseStarter.java:354) ~[org.eclipse.osgi_3.9.1.v20140110-1610.jar:na]
	at org.eclipse.core.runtime.adaptor.EclipseStarter.run(EclipseStarter.java:181) ~[org.eclipse.osgi_3.9.1.v20140110-1610.jar:na]
	at sun.reflect.NativeMethodAccessorImpl.invoke0(Native Method) ~[na:1.7.0_25]
	at sun.reflect.NativeMethodAccessorImpl.invoke(NativeMethodAccessorImpl.java:57) ~[na:1.7.0_25]
	at sun.reflect.DelegatingMethodAccessorImpl.invoke(DelegatingMethodAccessorImpl.java:43) ~[na:1.7.0_25]
	at java.lang.reflect.Method.invoke(Method.java:606) ~[na:1.7.0_25]
	at org.eclipse.equinox.launcher.Main.invokeFramework(Main.java:636) ~[org.eclipse.equinox.launcher_1.3.0.v20130327-1440.jar:na]
	at org.eclipse.equinox.launcher.Main.basicRun(Main.java:591) ~[org.eclipse.equinox.launcher_1.3.0.v20130327-1440.jar:na]
	at org.eclipse.equinox.launcher.Main.run(Main.java:1450) ~[org.eclipse.equinox.launcher_1.3.0.v20130327-1440.jar:na]
2015-09-03 14:24:13,459 [main] ERROR o.e.m.editor.pom.MavenPomEditorPage - Resource '/mobi-commons-monitoring/pom.xml' does not exist.
org.eclipse.core.internal.resources.ResourceException: Resource '/mobi-commons-monitoring/pom.xml' does not exist.
	at org.eclipse.core.internal.resources.Resource.checkExists(Resource.java:341) ~[org.eclipse.core.resources_3.8.101.v20130717-0806.jar:na]
	at org.eclipse.core.internal.resources.Resource.checkAccessible(Resource.java:215) ~[org.eclipse.core.resources_3.8.101.v20130717-0806.jar:na]
	at org.eclipse.core.internal.resources.Resource.findMarkers(Resource.java:1039) ~[org.eclipse.core.resources_3.8.101.v20130717-0806.jar:na]
	at org.eclipse.m2e.editor.pom.MavenPomEditorPage.doLoadData(MavenPomEditorPage.java:274) [org.eclipse.m2e.editor_1.4.0.20130601-0317.jar:na]
	at org.eclipse.m2e.editor.pom.MavenPomEditorPage.setActive(MavenPomEditorPage.java:226) [org.eclipse.m2e.editor_1.4.0.20130601-0317.jar:na]
	at org.eclipse.ui.forms.editor.FormEditor.setActivePage(FormEditor.java:605) ~[org.eclipse.ui.forms_3.6.1.v20130822-1117.jar:na]
	at org.eclipse.ui.part.MultiPageEditorPart.createPartControl(MultiPageEditorPart.java:362) ~[org.eclipse.ui.workbench_3.105.2.v20140211-1711.jar:na]
	at org.eclipse.ui.internal.e4.compatibility.CompatibilityPart.createPartControl(CompatibilityPart.java:142) ~[org.eclipse.ui.workbench_3.105.2.v20140211-1711.jar:na]
	at org.eclipse.ui.internal.e4.compatibility.CompatibilityEditor.createPartControl(CompatibilityEditor.java:96) ~[org.eclipse.ui.workbench_3.105.2.v20140211-1711.jar:na]
	at org.eclipse.ui.internal.e4.compatibility.CompatibilityPart.create(CompatibilityPart.java:323) ~[org.eclipse.ui.workbench_3.105.2.v20140211-1711.jar:na]
	at sun.reflect.NativeMethodAccessorImpl.invoke0(Native Method) ~[na:1.7.0_25]
	at sun.reflect.NativeMethodAccessorImpl.invoke(NativeMethodAccessorImpl.java:57) ~[na:1.7.0_25]
	at sun.reflect.DelegatingMethodAccessorImpl.invoke(DelegatingMethodAccessorImpl.java:43) ~[na:1.7.0_25]
	at java.lang.reflect.Method.invoke(Method.java:606) ~[na:1.7.0_25]
	at org.eclipse.e4.core.internal.di.MethodRequestor.execute(MethodRequestor.java:56) ~[na:na]
	at org.eclipse.e4.core.internal.di.InjectorImpl.processAnnotated(InjectorImpl.java:877) ~[na:na]
	at org.eclipse.e4.core.internal.di.InjectorImpl.processAnnotated(InjectorImpl.java:857) ~[na:na]
	at org.eclipse.e4.core.internal.di.InjectorImpl.inject(InjectorImpl.java:119) ~[na:na]
	at org.eclipse.e4.core.internal.di.InjectorImpl.internalMake(InjectorImpl.java:333) ~[na:na]
	at org.eclipse.e4.core.internal.di.InjectorImpl.make(InjectorImpl.java:254) ~[na:na]
	at org.eclipse.e4.core.contexts.ContextInjectionFactory.make(ContextInjectionFactory.java:162) ~[na:na]
	at org.eclipse.e4.ui.internal.workbench.ReflectionContributionFactory.createFromBundle(ReflectionContributionFactory.java:102) ~[na:na]
	at org.eclipse.e4.ui.internal.workbench.ReflectionContributionFactory.doCreate(ReflectionContributionFactory.java:71) ~[na:na]
	at org.eclipse.e4.ui.internal.workbench.ReflectionContributionFactory.create(ReflectionContributionFactory.java:53) ~[na:na]
	at org.eclipse.e4.ui.workbench.renderers.swt.ContributedPartRenderer.createWidget(ContributedPartRenderer.java:129) ~[na:na]
	at org.eclipse.e4.ui.internal.workbench.swt.PartRenderingEngine.createWidget(PartRenderingEngine.java:949) ~[na:na]
	at org.eclipse.e4.ui.internal.workbench.swt.PartRenderingEngine.safeCreateGui(PartRenderingEngine.java:633) ~[na:na]
	at org.eclipse.e4.ui.internal.workbench.swt.PartRenderingEngine.safeCreateGui(PartRenderingEngine.java:735) ~[na:na]
	at org.eclipse.e4.ui.internal.workbench.swt.PartRenderingEngine.access$2(PartRenderingEngine.java:706) ~[na:na]
	at org.eclipse.e4.ui.internal.workbench.swt.PartRenderingEngine$7.run(PartRenderingEngine.java:700) ~[na:na]
	at org.eclipse.core.runtime.SafeRunner.run(SafeRunner.java:42) ~[org.eclipse.equinox.common_3.6.200.v20130402-1505.jar:na]
	at org.eclipse.e4.ui.internal.workbench.swt.PartRenderingEngine.createGui(PartRenderingEngine.java:685) ~[na:na]
	at org.eclipse.e4.ui.internal.workbench.PartServiceImpl$1.handleEvent(PartServiceImpl.java:90) ~[na:na]
	at org.eclipse.e4.ui.services.internal.events.UIEventHandler$1.run(UIEventHandler.java:41) ~[na:na]
	at org.eclipse.swt.widgets.Synchronizer.syncExec(Synchronizer.java:180) ~[org.eclipse.swt.cocoa.macosx.x86_64_3.102.1.v20140206-1358.jar:na]
	at org.eclipse.ui.internal.UISynchronizer.syncExec(UISynchronizer.java:150) ~[org.eclipse.ui.workbench_3.105.2.v20140211-1711.jar:na]
	at org.eclipse.swt.widgets.Display.syncExec(Display.java:4650) ~[org.eclipse.swt.cocoa.macosx.x86_64_3.102.1.v20140206-1358.jar:na]
	at org.eclipse.e4.ui.internal.workbench.swt.E4Application$1.syncExec(E4Application.java:205) ~[na:na]
	at org.eclipse.e4.ui.services.internal.events.UIEventHandler.handleEvent(UIEventHandler.java:38) ~[na:na]
	at org.eclipse.equinox.internal.event.EventHandlerWrapper.handleEvent(EventHandlerWrapper.java:197) ~[na:na]
	at org.eclipse.equinox.internal.event.EventHandlerTracker.dispatchEvent(EventHandlerTracker.java:197) ~[na:na]
	at org.eclipse.equinox.internal.event.EventHandlerTracker.dispatchEvent(EventHandlerTracker.java:1) ~[na:na]
	at org.eclipse.osgi.framework.eventmgr.EventManager.dispatchEvent(EventManager.java:230) ~[org.eclipse.osgi_3.9.1.v20140110-1610.jar:na]
	at org.eclipse.osgi.framework.eventmgr.ListenerQueue.dispatchEventSynchronous(ListenerQueue.java:148) ~[org.eclipse.osgi_3.9.1.v20140110-1610.jar:na]
	at org.eclipse.equinox.internal.event.EventAdminImpl.dispatchEvent(EventAdminImpl.java:135) ~[na:na]
	at org.eclipse.equinox.internal.event.EventAdminImpl.sendEvent(EventAdminImpl.java:78) ~[na:na]
	at org.eclipse.equinox.internal.event.EventComponent.sendEvent(EventComponent.java:39) ~[na:na]
	at org.eclipse.e4.ui.services.internal.events.EventBroker.send(EventBroker.java:80) ~[na:na]
	at org.eclipse.e4.ui.internal.workbench.UIEventPublisher.notifyChanged(UIEventPublisher.java:58) ~[na:na]
	at org.eclipse.emf.common.notify.impl.BasicNotifierImpl.eNotify(BasicNotifierImpl.java:374) ~[org.eclipse.emf.common_2.9.2.v20131212-0545.jar:na]
	at org.eclipse.e4.ui.model.application.ui.impl.ElementContainerImpl.setSelectedElement(ElementContainerImpl.java:171) ~[na:na]
	at org.eclipse.e4.ui.workbench.renderers.swt.StackRenderer$10.widgetSelected(StackRenderer.java:936) ~[na:na]
	at org.eclipse.swt.widgets.TypedListener.handleEvent(TypedListener.java:248) ~[org.eclipse.swt.cocoa.macosx.x86_64_3.102.1.v20140206-1358.jar:na]
	at org.eclipse.swt.widgets.EventTable.sendEvent(EventTable.java:84) ~[org.eclipse.swt.cocoa.macosx.x86_64_3.102.1.v20140206-1358.jar:na]
	at org.eclipse.swt.widgets.Display.sendEvent(Display.java:4166) ~[org.eclipse.swt.cocoa.macosx.x86_64_3.102.1.v20140206-1358.jar:na]
	at org.eclipse.swt.widgets.Widget.sendEvent(Widget.java:1466) ~[org.eclipse.swt.cocoa.macosx.x86_64_3.102.1.v20140206-1358.jar:na]
	at org.eclipse.swt.widgets.Widget.sendEvent(Widget.java:1489) ~[org.eclipse.swt.cocoa.macosx.x86_64_3.102.1.v20140206-1358.jar:na]
	at org.eclipse.swt.widgets.Widget.sendEvent(Widget.java:1474) ~[org.eclipse.swt.cocoa.macosx.x86_64_3.102.1.v20140206-1358.jar:na]
	at org.eclipse.swt.widgets.Widget.notifyListeners(Widget.java:1279) ~[org.eclipse.swt.cocoa.macosx.x86_64_3.102.1.v20140206-1358.jar:na]
	at org.eclipse.swt.custom.CTabFolder.setSelection(CTabFolder.java:3080) ~[org.eclipse.swt.cocoa.macosx.x86_64_3.102.1.v20140206-1358.jar:na]
	at org.eclipse.swt.custom.CTabFolder.onMouse(CTabFolder.java:1772) ~[org.eclipse.swt.cocoa.macosx.x86_64_3.102.1.v20140206-1358.jar:na]
	at org.eclipse.swt.custom.CTabFolder$1.handleEvent(CTabFolder.java:279) ~[org.eclipse.swt.cocoa.macosx.x86_64_3.102.1.v20140206-1358.jar:na]
	at org.eclipse.swt.widgets.EventTable.sendEvent(EventTable.java:84) ~[org.eclipse.swt.cocoa.macosx.x86_64_3.102.1.v20140206-1358.jar:na]
	at org.eclipse.swt.widgets.Display.sendEvent(Display.java:4166) ~[org.eclipse.swt.cocoa.macosx.x86_64_3.102.1.v20140206-1358.jar:na]
	at org.eclipse.swt.widgets.Widget.sendEvent(Widget.java:1466) ~[org.eclipse.swt.cocoa.macosx.x86_64_3.102.1.v20140206-1358.jar:na]
	at org.eclipse.swt.widgets.Widget.sendEvent(Widget.java:1489) ~[org.eclipse.swt.cocoa.macosx.x86_64_3.102.1.v20140206-1358.jar:na]
	at org.eclipse.swt.widgets.Widget.sendEvent(Widget.java:1474) ~[org.eclipse.swt.cocoa.macosx.x86_64_3.102.1.v20140206-1358.jar:na]
	at org.eclipse.swt.widgets.Widget.notifyListeners(Widget.java:1279) ~[org.eclipse.swt.cocoa.macosx.x86_64_3.102.1.v20140206-1358.jar:na]
	at org.eclipse.swt.widgets.Display.runDeferredEvents(Display.java:4012) ~[org.eclipse.swt.cocoa.macosx.x86_64_3.102.1.v20140206-1358.jar:na]
	at org.eclipse.swt.widgets.Display.readAndDispatch(Display.java:3651) ~[org.eclipse.swt.cocoa.macosx.x86_64_3.102.1.v20140206-1358.jar:na]
	at org.eclipse.e4.ui.internal.workbench.swt.PartRenderingEngine$9.run(PartRenderingEngine.java:1113) ~[na:na]
	at org.eclipse.core.databinding.observable.Realm.runWithDefault(Realm.java:332) ~[na:na]
	at org.eclipse.e4.ui.internal.workbench.swt.PartRenderingEngine.run(PartRenderingEngine.java:997) ~[na:na]
	at org.eclipse.e4.ui.internal.workbench.E4Workbench.createAndRunUI(E4Workbench.java:140) ~[na:na]
	at org.eclipse.ui.internal.Workbench$5.run(Workbench.java:611) ~[org.eclipse.ui.workbench_3.105.2.v20140211-1711.jar:na]
	at org.eclipse.core.databinding.observable.Realm.runWithDefault(Realm.java:332) ~[na:na]
	at org.eclipse.ui.internal.Workbench.createAndRunWorkbench(Workbench.java:567) ~[org.eclipse.ui.workbench_3.105.2.v20140211-1711.jar:na]
	at org.eclipse.ui.PlatformUI.createAndRunWorkbench(PlatformUI.java:150) ~[org.eclipse.ui.workbench_3.105.2.v20140211-1711.jar:na]
	at org.eclipse.ui.internal.ide.application.IDEApplication.start(IDEApplication.java:124) ~[na:na]
	at org.eclipse.equinox.internal.app.EclipseAppHandle.run(EclipseAppHandle.java:196) ~[org.eclipse.equinox.app_1.3.100.v20130327-1442.jar:na]
	at org.eclipse.core.runtime.internal.adaptor.EclipseAppLauncher.runApplication(EclipseAppLauncher.java:110) ~[org.eclipse.osgi_3.9.1.v20140110-1610.jar:na]
	at org.eclipse.core.runtime.internal.adaptor.EclipseAppLauncher.start(EclipseAppLauncher.java:79) ~[org.eclipse.osgi_3.9.1.v20140110-1610.jar:na]
	at org.eclipse.core.runtime.adaptor.EclipseStarter.run(EclipseStarter.java:354) ~[org.eclipse.osgi_3.9.1.v20140110-1610.jar:na]
	at org.eclipse.core.runtime.adaptor.EclipseStarter.run(EclipseStarter.java:181) ~[org.eclipse.osgi_3.9.1.v20140110-1610.jar:na]
	at sun.reflect.NativeMethodAccessorImpl.invoke0(Native Method) ~[na:1.7.0_25]
	at sun.reflect.NativeMethodAccessorImpl.invoke(NativeMethodAccessorImpl.java:57) ~[na:1.7.0_25]
	at sun.reflect.DelegatingMethodAccessorImpl.invoke(DelegatingMethodAccessorImpl.java:43) ~[na:1.7.0_25]
	at java.lang.reflect.Method.invoke(Method.java:606) ~[na:1.7.0_25]
	at org.eclipse.equinox.launcher.Main.invokeFramework(Main.java:636) ~[org.eclipse.equinox.launcher_1.3.0.v20130327-1440.jar:na]
	at org.eclipse.equinox.launcher.Main.basicRun(Main.java:591) ~[org.eclipse.equinox.launcher_1.3.0.v20130327-1440.jar:na]
	at org.eclipse.equinox.launcher.Main.run(Main.java:1450) ~[org.eclipse.equinox.launcher_1.3.0.v20130327-1440.jar:na]
